Start testing: Nov 18 06:31 PST
----------------------------------------------------------
1/169 Testing: t_wrapping_ints_cmp
1/169 Test: t_wrapping_ints_cmp
Command: "/home/fpl/SSH/Project_CS144/lab1/sponge/build/tests/wrapping_integers_cmp"
Directory: /home/fpl/SSH/Project_CS144/lab1/sponge/build
"t_wrapping_ints_cmp" start time: Nov 18 06:31 PST
Output:
----------------------------------------------------------
<end of output>
Test time =   0.00 sec
----------------------------------------------------------
Test Passed.
"t_wrapping_ints_cmp" end time: Nov 18 06:31 PST
"t_wrapping_ints_cmp" time elapsed: 00:00:00
----------------------------------------------------------

2/169 Testing: t_wrapping_ints_unwrap
2/169 Test: t_wrapping_ints_unwrap
Command: "/home/fpl/SSH/Project_CS144/lab1/sponge/build/tests/wrapping_integers_unwrap"
Directory: /home/fpl/SSH/Project_CS144/lab1/sponge/build
"t_wrapping_ints_unwrap" start time: Nov 18 06:31 PST
Output:
----------------------------------------------------------
<end of output>
Test time =   0.00 sec
----------------------------------------------------------
Test Passed.
"t_wrapping_ints_unwrap" end time: Nov 18 06:31 PST
"t_wrapping_ints_unwrap" time elapsed: 00:00:00
----------------------------------------------------------

3/169 Testing: t_wrapping_ints_wrap
3/169 Test: t_wrapping_ints_wrap
Command: "/home/fpl/SSH/Project_CS144/lab1/sponge/build/tests/wrapping_integers_wrap"
Directory: /home/fpl/SSH/Project_CS144/lab1/sponge/build
"t_wrapping_ints_wrap" start time: Nov 18 06:31 PST
Output:
----------------------------------------------------------
<end of output>
Test time =   0.00 sec
----------------------------------------------------------
Test Passed.
"t_wrapping_ints_wrap" end time: Nov 18 06:31 PST
"t_wrapping_ints_wrap" time elapsed: 00:00:00
----------------------------------------------------------

4/169 Testing: t_wrapping_ints_roundtrip
4/169 Test: t_wrapping_ints_roundtrip
Command: "/home/fpl/SSH/Project_CS144/lab1/sponge/build/tests/wrapping_integers_roundtrip"
Directory: /home/fpl/SSH/Project_CS144/lab1/sponge/build
"t_wrapping_ints_roundtrip" start time: Nov 18 06:31 PST
Output:
----------------------------------------------------------
<end of output>
Test time =   0.10 sec
----------------------------------------------------------
Test Passed.
"t_wrapping_ints_roundtrip" end time: Nov 18 06:31 PST
"t_wrapping_ints_roundtrip" time elapsed: 00:00:00
----------------------------------------------------------

5/169 Testing: t_recv_connect
5/169 Test: t_recv_connect
Command: "/home/fpl/SSH/Project_CS144/lab1/sponge/build/tests/recv_connect"
Directory: /home/fpl/SSH/Project_CS144/lab1/sponge/build
"t_recv_connect" start time: Nov 18 06:31 PST
Output:
----------------------------------------------------------
<end of output>
Test time =   0.00 sec
----------------------------------------------------------
Test Passed.
"t_recv_connect" end time: Nov 18 06:31 PST
"t_recv_connect" time elapsed: 00:00:00
----------------------------------------------------------

6/169 Testing: t_recv_transmit
6/169 Test: t_recv_transmit
Command: "/home/fpl/SSH/Project_CS144/lab1/sponge/build/tests/recv_transmit"
Directory: /home/fpl/SSH/Project_CS144/lab1/sponge/build
"t_recv_transmit" start time: Nov 18 06:31 PST
Output:
----------------------------------------------------------
Test Failure on expectation:
	Expectation: bytes available: "ghijklm"

Failure message:
	the TCPReceiver assembled "

List of steps that executed successfully:
	Initialized with (capacity=4000)
	Action:      segment arrives Header(flags=S,seqno=893472,ack=0,win=0)
	Expectation: ackno 893473
	Expectation: 0 assembled bytes, in total
	Action:      segment arrives Header(flags=,seqno=893473,ack=0,win=0) with data "abcdefgh"
	Expectation: bytes available: "abcdefgh"
	Expectation: ackno 893481
	Expectation: 8 assembled bytes, in total
	Action:      segment arrives Header(flags=,seqno=893481,ack=0,win=0) with data "bcdefghijk"
	Expectation: bytes available: "bcdefghijk"
	Expectation: ackno 893491
	Expectation: 18 assembled bytes, in total
	Action:      segment arrives Header(flags=,seqno=893491,ack=0,win=0) with data "cdefghijk"
	Expectation: bytes available: "cdefghijk"
	Expectation: ackno 893500
	Expectation: 27 assembled bytes, in total
	Action:      segment arrives Header(flags=,seqno=893500,ack=0,win=0) with data "defghij"
	Expectation: bytes available: "defghij"
	Expectation: ackno 893507
	Expectation: 34 assembled bytes, in total
	Action:      segment arrives Header(flags=,seqno=893507,ack=0,win=0) with data "efghi"
	Expectation: bytes available: "efghi"
	Expectation: ackno 893512
	Expectation: 39 assembled bytes, in total
	Action:      segment arrives Header(flags=,seqno=893512,ack=0,win=0) with data "fghijklmno"
	Expectation: bytes available: "fghijklmno"
	Expectation: ackno 893522
	Expectation: 49 assembled bytes, in total
	Action:      segment arrives Header(flags=,seqno=893522,ack=0,win=0) with data "gh"
	Expectation: bytes available: "gh"
	Expectation: ackno 893524
	Expectation: 51 assembled bytes, in total
	Action:      segment arrives Header(flags=,seqno=893524,ack=0,win=0) with data "hijk"
	Expectation: bytes available: "hijk"
	Expectation: ackno 893528
	Expectation: 55 assembled bytes, in total
	Action:      segment arrives Header(flags=,seqno=893528,ack=0,win=0) with data "ij"
	Expectation: bytes available: "ij"
	Expectation: ackno 893530
	Expectation: 57 assembled bytes, in total
	Action:      segment arrives Header(flags=,seqno=893530,ack=0,win=0) with data "jklmnopqr"
	Expectation: bytes available: "jklmnopqr"
	Expectation: ackno 893539
	Expectation: 66 assembled bytes, in total
	Action:      segment arrives Header(flags=,seqno=893539,ack=0,win=0) with data "klmno"
	Expectation: bytes available: "klmno"
	Expectation: ackno 893544
	Expectation: 71 assembled bytes, in total
	Action:      segment arrives Header(flags=,seqno=893544,ack=0,win=0) with data "lmnopqrs"
	Expectation: bytes available: "lmnopqrs"
	Expectation: ackno 893552
	Expectation: 79 assembled bytes, in total
	Action:      segment arrives Header(flags=,seqno=893552,ack=0,win=0) with data "mn"
	Expectation: bytes available: "mn"
	Expectation: ackno 893554
	Expectation: 81 assembled bytes, in total
	Action:      segment arrives Header(flags=,seqno=893554,ack=0,win=0) with data "nopqr"
	Expectation: bytes available: "nopqr"
	Expectation: ackno 893559
	Expectation: 86 assembled bytes, in total
	Action:      segment arrives Header(flags=,seqno=893559,ack=0,win=0) with data "opq"
	Expectation: bytes available: "opq"
	Expectation: ackno 893562
	Expectation: 89 assembled bytes, in total
	Action:      segment arrives Header(flags=,seqno=893562,ack=0,win=0) with data "pq"
	Expectation: bytes available: "pq"
	Expectation: ackno 893564
	Expectation: 91 assembled bytes, in total
	Action:      segment arrives Header(flags=,seqno=893564,ack=0,win=0) with data "qrs"
	Expectation: bytes available: "qrs"
	Expectation: ackno 893567
	Expectation: 94 assembled bytes, in total
	Action:      segment arrives Header(flags=,seqno=893567,ack=0,win=0) with data "rstuvw"
	Expectation: bytes available: "rstuvw"
	Expectation: ackno 893573
	Expectation: 100 assembled bytes, in total
	Action:      segment arrives Header(flags=,seqno=893573,ack=0,win=0) with data "stuvwxyzab"
	Expectation: bytes available: "stuvwxyzab"
	Expectation: ackno 893583
	Expectation: 110 assembled bytes, in total
	Action:      segment arrives Header(flags=,seqno=893583,ack=0,win=0) with data "tu"
	Expectation: bytes available: "tu"
	Expectation: ackno 893585
	Expectation: 112 assembled bytes, in total
	Action:      segment arrives Header(flags=,seqno=893585,ack=0,win=0) with data "uvwxyzabc"
	Expectation: bytes available: "uvwxyzabc"
	Expectation: ackno 893594
	Expectation: 121 assembled bytes, in total
	Action:      segment arrives Header(flags=,seqno=893594,ack=0,win=0) with data "vwxyzabc"
	Expectation: bytes available: "vwxyzabc"
	Expectation: ackno 893602
	Expectation: 129 assembled bytes, in total
	Action:      segment arrives Header(flags=,seqno=893602,ack=0,win=0) with data "wxy"
	Expectation: bytes available: "wxy"
	Expectation: ackno 893605
	Expectation: 132 assembled bytes, in total
	Action:      segment arrives Header(flags=,seqno=893605,ack=0,win=0) with data "xyzab"
	Expectation: bytes available: "xyzab"
	Expectation: ackno 893610
	Expectation: 137 assembled bytes, in total
	Action:      segment arrives Header(flags=,seqno=893610,ack=0,win=0) with data "yzab"
	Expectation: bytes available: "yzab"
	Expectation: ackno 893614
	Expectation: 141 assembled bytes, in total
	Action:      segment arrives Header(flags=,seqno=893614,ack=0,win=0) with data "zabcde"
	Expectation: bytes available: "zabcde"
	Expectation: ackno 893620
	Expectation: 147 assembled bytes, in total
	Action:      segment arrives Header(flags=,seqno=893620,ack=0,win=0) with data "a"
	Expectation: bytes available: "a"
	Expectation: ackno 893621
	Expectation: 148 assembled bytes, in total
	Action:      segment arrives Header(flags=,seqno=893621,ack=0,win=0) with data "bc"
	Expectation: bytes available: "bc"
	Expectation: ackno 893623
	Expectation: 150 assembled bytes, in total
	Action:      segment arrives Header(flags=,seqno=893623,ack=0,win=0) with data "cdefghijkl"
	Expectation: bytes available: "cdefghijkl"
	Expectation: ackno 893633
	Expectation: 160 assembled bytes, in total
	Action:      segment arrives Header(flags=,seqno=893633,ack=0,win=0) with data "d"
	Expectation: bytes available: "d"
	Expectation: ackno 893634
	Expectation: 161 assembled bytes, in total
	Action:      segment arrives Header(flags=,seqno=893634,ack=0,win=0) with data "e"
	Expectation: bytes available: "e"
	Expectation: ackno 893635
	Expectation: 162 assembled bytes, in total
	Action:      segment arrives Header(flags=,seqno=893635,ack=0,win=0) with data "fghijk"
	Expectation: bytes available: "fghijk"
	Expectation: ackno 893641
	Expectation: 168 assembled bytes, in total
	Action:      segment arrives Header(flags=,seqno=893641,ack=0,win=0) with data "gh"
	Expectation: bytes available: "gh"
	Expectation: ackno 893643
	Expectation: 170 assembled bytes, in total
	Action:      segment arrives Header(flags=,seqno=893643,ack=0,win=0) with data "h"
	Expectation: bytes available: "h"
	Expectation: ackno 893644
	Expectation: 171 assembled bytes, in total
	Action:      segment arrives Header(flags=,seqno=893644,ack=0,win=0) with data "ijklmnopqr"
	Expectation: bytes available: "ijklmnopqr"
	Expectation: ackno 893654
	Expectation: 181 assembled bytes, in total
	Action:      segment arrives Header(flags=,seqno=893654,ack=0,win=0) with data "jklmnopq"
	Expectation: bytes available: "jklmnopq"
	Expectation: ackno 893662
	Expectation: 189 assembled bytes, in total
	Action:      segment arrives Header(flags=,seqno=893662,ack=0,win=0) with data "k"
	Expectation: bytes available: "k"
	Expectation: ackno 893663
	Expectation: 190 assembled bytes, in total
	Action:      segment arrives Header(flags=,seqno=893663,ack=0,win=0) with data "lmnopqrs"
	Expectation: bytes available: "lmnopqrs"
	Expectation: ackno 893671
	Expectation: 198 assembled bytes, in total
	Action:      segment arrives Header(flags=,seqno=893671,ack=0,win=0) with data "mnopqrstu"
	Expectation: bytes available: "mnopqrstu"
	Expectation: ackno 893680
	Expectation: 207 assembled bytes, in total
	Action:      segment arrives Header(flags=,seqno=893680,ack=0,win=0) with data "no"
	Expectation: bytes available: "no"
	Expectation: ackno 893682
	Expectation: 209 assembled bytes, in total
	Action:      segment arrives Header(flags=,seqno=893682,ack=0,win=0) with data "opqrst"
	Expectation: bytes available: "opqrst"
	Expectation: ackno 893688
	Expectation: 215 assembled bytes, in total
	Action:      segment arrives Header(flags=,seqno=893688,ack=0,win=0) with data "pqrstuvw"
	Expectation: bytes available: "pqrstuvw"
	Expectation: ackno 893696
	Expectation: 223 assembled bytes, in total
	Action:      segment arrives Header(flags=,seqno=893696,ack=0,win=0) with data "qrstuvwxy"
	Expectation: bytes available: "qrstuvwxy"
	Expectation: ackno 893705
	Expectation: 232 assembled bytes, in total
	Action:      segment arrives Header(flags=,seqno=893705,ack=0,win=0) with data "rstuvwx"
	Expectation: bytes available: "rstuvwx"
	Expectation: ackno 893712
	Expectation: 239 assembled bytes, in total
	Action:      segment arrives Header(flags=,seqno=893712,ack=0,win=0) with data "s"
	Expectation: bytes available: "s"
	Expectation: ackno 893713
	Expectation: 240 assembled bytes, in total
	Action:      segment arrives Header(flags=,seqno=893713,ack=0,win=0) with data "tuvw"
	Expectation: bytes available: "tuvw"
	Expectation: ackno 893717
	Expectation: 244 assembled bytes, in total
	Action:      segment arrives Header(flags=,seqno=893717,ack=0,win=0) with data "uv"
	Expectation: bytes available: "uv"
	Expectation: ackno 893719
	Expectation: 246 assembled bytes, in total
	Action:      segment arrives Header(flags=,seqno=893719,ack=0,win=0) with data "vwxyzab"
	Expectation: bytes available: "vwxyzab"
	Expectation: ackno 893726
	Expectation: 253 assembled bytes, in total
	Action:      segment arrives Header(flags=,seqno=893726,ack=0,win=0) with data "wxyzabc"
	Expectation: bytes available: "wxyzabc"
	Expectation: ackno 893733
	Expectation: 260 assembled bytes, in total
	Action:      segment arrives Header(flags=,seqno=893733,ack=0,win=0) with data "xyzabc"
	Expectation: bytes available: "xyzabc"
	Expectation: ackno 893739
	Expectation: 266 assembled bytes, in total
	Action:      segment arrives Header(flags=,seqno=893739,ack=0,win=0) with data "yz"
	Expectation: bytes available: "yz"
	Expectation: ackno 893741
	Expectation: 268 assembled bytes, in total
	Action:      segment arrives Header(flags=,seqno=893741,ack=0,win=0) with data "zabcd"
	Expectation: bytes available: "zabcd"
	Expectation: ackno 893746
	Expectation: 273 assembled bytes, in total
	Action:      segment arrives Header(flags=,seqno=893746,ack=0,win=0) with data "abcdefg"
	Expectation: bytes available: "abcdefg"
	Expectation: ackno 893753
	Expectation: 280 assembled bytes, in total
	Action:      segment arrives Header(flags=,seqno=893753,ack=0,win=0) with data "bc"
	Expectation: bytes available: "bc"
	Expectation: ackno 893755
	Expectation: 282 assembled bytes, in total
	Action:      segment arrives Header(flags=,seqno=893755,ack=0,win=0) with data "cdefghi"
	Expectation: bytes available: "cdefghi"
	Expectation: ackno 893762
	Expectation: 289 assembled bytes, in total
	Action:      segment arrives Header(flags=,seqno=893762,ack=0,win=0) with data "defghijk"
	Expectation: bytes available: "defghijk"
	Expectation: ackno 893770
	Expectation: 297 assembled bytes, in total
	Action:      segment arrives Header(flags=,seqno=893770,ack=0,win=0) with data "efghijklmn"
	Expectation: bytes available: "efghijklmn"
	Expectation: ackno 893780
	Expectation: 307 assembled bytes, in total
	Action:      segment arrives Header(flags=,seqno=893780,ack=0,win=0) with data "fghijklmn"
	Expectation: bytes available: "fghijklmn"
	Expectation: ackno 893789
	Expectation: 316 assembled bytes, in total
	Action:      segment arrives Header(flags=,seqno=893789,ack=0,win=0) with data "ghijklmn"
	Expectation: bytes available: "ghijklmn"
	Expectation: ackno 893797
	Expectation: 324 assembled bytes, in total
	Action:      segment arrives Header(flags=,seqno=893797,ack=0,win=0) with data "hijklm"
	Expectation: bytes available: "hijklm"
	Expectation: ackno 893803
	Expectation: 330 assembled bytes, in total
	Action:      segment arrives Header(flags=,seqno=893803,ack=0,win=0) with data "ijklmno"
	Expectation: bytes available: "ijklmno"
	Expectation: ackno 893810
	Expectation: 337 assembled bytes, in total
	Action:      segment arrives Header(flags=,seqno=893810,ack=0,win=0) with data "jklm"
	Expectation: bytes available: "jklm"
	Expectation: ackno 893814
	Expectation: 341 assembled bytes, in total
	Action:      segment arrives Header(flags=,seqno=893814,ack=0,win=0) with data "klmnop"
	Expectation: bytes available: "klmnop"
	Expectation: ackno 893820
	Expectation: 347 assembled bytes, in total
	Action:      segment arrives Header(flags=,seqno=893820,ack=0,win=0) with data "lmn"
	Expectation: bytes available: "lmn"
	Expectation: ackno 893823
	Expectation: 350 assembled bytes, in total
	Action:      segment arrives Header(flags=,seqno=893823,ack=0,win=0) with data "mnopqrstu"
	Expectation: bytes available: "mnopqrstu"
	Expectation: ackno 893832
	Expectation: 359 assembled bytes, in total
	Action:      segment arrives Header(flags=,seqno=893832,ack=0,win=0) with data "nopqrstu"
	Expectation: bytes available: "nopqrstu"
	Expectation: ackno 893840
	Expectation: 367 assembled bytes, in total
	Action:      segment arrives Header(flags=,seqno=893840,ack=0,win=0) with data "opqrst"
	Expectation: bytes available: "opqrst"
	Expectation: ackno 893846
	Expectation: 373 assembled bytes, in total
	Action:      segment arrives Header(flags=,seqno=893846,ack=0,win=0) with data "pqr"
	Expectation: bytes available: "pqr"
	Expectation: ackno 893849
	Expectation: 376 assembled bytes, in total
	Action:      segment arrives Header(flags=,seqno=893849,ack=0,win=0) with data "qrstuvwx"
	Expectation: bytes available: "qrstuvwx"
	Expectation: ackno 893857
	Expectation: 384 assembled bytes, in total
	Action:      segment arrives Header(flags=,seqno=893857,ack=0,win=0) with data "rstuv"
	Expectation: bytes available: "rstuv"
	Expectation: ackno 893862
	Expectation: 389 assembled bytes, in total
	Action:      segment arrives Header(flags=,seqno=893862,ack=0,win=0) with data "st"
	Expectation: bytes available: "st"
	Expectation: ackno 893864
	Expectation: 391 assembled bytes, in total
	Action:      segment arrives Header(flags=,seqno=893864,ack=0,win=0) with data "tuvwxyz"
	Expectation: bytes available: "tuvwxyz"
	Expectation: ackno 893871
	Expectation: 398 assembled bytes, in total
	Action:      segment arrives Header(flags=,seqno=893871,ack=0,win=0) with data "uvwxy"
	Expectation: bytes available: "uvwxy"
	Expectation: ackno 893876
	Expectation: 403 assembled bytes, in total
	Action:      segment arrives Header(flags=,seqno=893876,ack=0,win=0) with data "vwxyzab"
	Expectation: bytes available: "vwxyzab"
	Expectation: ackno 893883
	Expectation: 410 assembled bytes, in total
	Action:      segment arrives Header(flags=,seqno=893883,ack=0,win=0) with data "wxyzabcd"
	Expectation: bytes available: "wxyzabcd"
	Expectation: ackno 893891
	Expectation: 418 assembled bytes, in total
	Action:      segment arrives Header(flags=,seqno=893891,ack=0,win=0) with data "xyzabc"
	Expectation: bytes available: "xyzabc"
	Expectation: ackno 893897
	Expectation: 424 assembled bytes, in total
	Action:      segment arrives Header(flags=,seqno=893897,ack=0,win=0) with data "yzab"
	Expectation: bytes available: "yzab"
	Expectation: ackno 893901
	Expectation: 428 assembled bytes, in total
	Action:      segment arrives Header(flags=,seqno=893901,ack=0,win=0) with data "z"
	Expectation: bytes available: "z"
	Expectation: ackno 893902
	Expectation: 429 assembled bytes, in total
	Action:      segment arrives Header(flags=,seqno=893902,ack=0,win=0) with data "abcdefghi"
	Expectation: bytes available: "abcdefghi"
	Expectation: ackno 893911
	Expectation: 438 assembled bytes, in total
	Action:      segment arrives Header(flags=,seqno=893911,ack=0,win=0) with data "bcdefghij"
	Expectation: bytes available: "bcdefghij"
	Expectation: ackno 893920
	Expectation: 447 assembled bytes, in total
	Action:      segment arrives Header(flags=,seqno=893920,ack=0,win=0) with data "cdefghijkl"
	Expectation: bytes available: "cdefghijkl"
	Expectation: ackno 893930
	Expectation: 457 assembled bytes, in total
	Action:      segment arrives Header(flags=,seqno=893930,ack=0,win=0) with data "defghijklm"
	Expectation: bytes available: "defghijklm"
	Expectation: ackno 893940
	Expectation: 467 assembled bytes, in total
	Action:      segment arrives Header(flags=,seqno=893940,ack=0,win=0) with data "efghij"
	Expectation: bytes available: "efghij"
	Expectation: ackno 893946
	Expectation: 473 assembled bytes, in total
	Action:      segment arrives Header(flags=,seqno=893946,ack=0,win=0) with data "fghijkl"
	Expectation: bytes available: "fghijkl"
	Expectation: ackno 893953
	Expectation: 480 assembled bytes, in total
	Action:      segment arrives Header(flags=,seqno=893953,ack=0,win=0) with data "ghijkl"
	Expectation: bytes available: "ghijkl"
	Expectation: ackno 893959
	Expectation: 486 assembled bytes, in total
	Action:      segment arrives Header(flags=,seqno=893959,ack=0,win=0) with data "hijkl"
	Expectation: bytes available: "hijkl"
	Expectation: ackno 893964
	Expectation: 491 assembled bytes, in total
	Action:      segment arrives Header(flags=,seqno=893964,ack=0,win=0) with data "ijkl"
	Expectation: bytes available: "ijkl"
	Expectation: ackno 893968
	Expectation: 495 assembled bytes, in total
	Action:      segment arrives Header(flags=,seqno=893968,ack=0,win=0) with data "jklmn"
	Expectation: bytes available: "jklmn"
	Expectation: ackno 893973
	Expectation: 500 assembled bytes, in total
	Action:      segment arrives Header(flags=,seqno=893973,ack=0,win=0) with data "klmnopqr"
	Expectation: bytes available: "klmnopqr"
	Expectation: ackno 893981
	Expectation: 508 assembled bytes, in total
	Action:      segment arrives Header(flags=,seqno=893981,ack=0,win=0) with data "lmnopqrs"
	Expectation: bytes available: "lmnopqrs"
	Expectation: ackno 893989
	Expectation: 516 assembled bytes, in total
	Action:      segment arrives Header(flags=,seqno=893989,ack=0,win=0) with data "mnop"
	Expectation: bytes available: "mnop"
	Expectation: ackno 893993
	Expectation: 520 assembled bytes, in total
	Action:      segment arrives Header(flags=,seqno=893993,ack=0,win=0) with data "nopqrst"
	Expectation: bytes available: "nopqrst"
	Expectation: ackno 894000
	Expectation: 527 assembled bytes, in total
	Action:      segment arrives Header(flags=,seqno=894000,ack=0,win=0) with data "o"
	Expectation: bytes available: "o"
	Expectation: ackno 894001
	Expectation: 528 assembled bytes, in total
	Action:      segment arrives Header(flags=,seqno=894001,ack=0,win=0) with data "pqrstu"
	Expectation: bytes available: "pqrstu"
	Expectation: ackno 894007
	Expectation: 534 assembled bytes, in total
	Action:      segment arrives Header(flags=,seqno=894007,ack=0,win=0) with data "qrs"
	Expectation: bytes available: "qrs"
	Expectation: ackno 894010
	Expectation: 537 assembled bytes, in total
	Action:      segment arrives Header(flags=,seqno=894010,ack=0,win=0) with data "rstuvwxy"
	Expectation: bytes available: "rstuvwxy"
	Expectation: ackno 894018
	Expectation: 545 assembled bytes, in total
	Action:      segment arrives Header(flags=,seqno=894018,ack=0,win=0) with data "stuvw"
	Expectation: bytes available: "stuvw"
	Expectation: ackno 894023
	Expectation: 550 assembled bytes, in total
	Action:      segment arrives Header(flags=,seqno=894023,ack=0,win=0) with data "tuv"
	Expectation: bytes available: "tuv"
	Expectation: ackno 894026
	Expectation: 553 assembled bytes, in total
	Action:      segment arrives Header(flags=,seqno=894026,ack=0,win=0) with data "uvwxy"
	Expectation: bytes available: "uvwxy"
	Expectation: ackno 894031
	Expectation: 558 assembled bytes, in total
	Action:      segment arrives Header(flags=,seqno=894031,ack=0,win=0) with data "vwxyzabc"
	Expectation: bytes available: "vwxyzabc"
	Expectation: ackno 894039
	Expectation: 566 assembled bytes, in total
	Action:      segment arrives Header(flags=,seqno=894039,ack=0,win=0) with data "wxyzab"
	Expectation: bytes available: "wxyzab"
	Expectation: ackno 894045
	Expectation: 572 assembled bytes, in total
	Action:      segment arrives Header(flags=,seqno=894045,ack=0,win=0) with data "xyz"
	Expectation: bytes available: "xyz"
	Expectation: ackno 894048
	Expectation: 575 assembled bytes, in total
	Action:      segment arrives Header(flags=,seqno=894048,ack=0,win=0) with data "yzabcd"
	Expectation: bytes available: "yzabcd"
	Expectation: ackno 894054
	Expectation: 581 assembled bytes, in total
	Action:      segment arrives Header(flags=,seqno=894054,ack=0,win=0) with data "zabcdefgh"
	Expectation: bytes available: "zabcdefgh"
	Expectation: ackno 894063
	Expectation: 590 assembled bytes, in total
	Action:      segment arrives Header(flags=,seqno=894063,ack=0,win=0) with data "abcdefgh"
	Expectation: bytes available: "abcdefgh"
	Expectation: ackno 894071
	Expectation: 598 assembled bytes, in total
	Action:      segment arrives Header(flags=,seqno=894071,ack=0,win=0) with data "b"
	Expectation: bytes available: "b"
	Expectation: ackno 894072
	Expectation: 599 assembled bytes, in total
	Action:      segment arrives Header(flags=,seqno=894072,ack=0,win=0) with data "cdefghij"
	Expectation: bytes available: "cdefghij"
	Expectation: ackno 894080
	Expectation: 607 assembled bytes, in total
	Action:      segment arrives Header(flags=,seqno=894080,ack=0,win=0) with data "defgh"
	Expectation: bytes available: "defgh"
	Expectation: ackno 894085
	Expectation: 612 assembled bytes, in total
	Action:      segment arrives Header(flags=,seqno=894085,ack=0,win=0) with data "efghij"
	Expectation: bytes available: "efghij"
	Expectation: ackno 894091
	Expectation: 618 assembled bytes, in total
	Action:      segment arrives Header(flags=,seqno=894091,ack=0,win=0) with data "fghijklmn"
	Expectation: bytes available: "fghijklmn"
	Expectation: ackno 894100
	Expectation: 627 assembled bytes, in total
	Action:      segment arrives Header(flags=,seqno=894100,ack=0,win=0) with data "ghijk"
	Expectation: bytes available: "ghijk"
	Expectation: ackno 894105
	Expectation: 632 assembled bytes, in total
	Action:      segment arrives Header(flags=,seqno=894105,ack=0,win=0) with data "hij"
	Expectation: bytes available: "hij"
	Expectation: ackno 894108
	Expectation: 635 assembled bytes, in total
	Action:      segment arrives Header(flags=,seqno=894108,ack=0,win=0) with data "ij"
	Expectation: bytes available: "ij"
	Expectation: ackno 894110
	Expectation: 637 assembled bytes, in total
	Action:      segment arrives Header(flags=,seqno=894110,ack=0,win=0) with data "jklmnopqr"
	Expectation: bytes available: "jklmnopqr"
	Expectation: ackno 894119
	Expectation: 646 assembled bytes, in total
	Action:      segment arrives Header(flags=,seqno=894119,ack=0,win=0) with data "klmnopq"
	Expectation: bytes available: "klmnopq"
	Expectation: ackno 894126
	Expectation: 653 assembled bytes, in total
	Action:      segment arrives Header(flags=,seqno=894126,ack=0,win=0) with data "lmn"
	Expectation: bytes available: "lmn"
	Expectation: ackno 894129
	Expectation: 656 assembled bytes, in total
	Action:      segment arrives Header(flags=,seqno=894129,ack=0,win=0) with data "mn"
	Expectation: bytes available: "mn"
	Expectation: ackno 894131
	Expectation: 658 assembled bytes, in total
	Action:      segment arrives Header(flags=,seqno=894131,ack=0,win=0) with data "nopqrstu"
	Expectation: bytes available: "nopqrstu"
	Expectation: ackno 894139
	Expectation: 666 assembled bytes, in total
	Action:      segment arrives Header(flags=,seqno=894139,ack=0,win=0) with data "opqrstuvwx"
	Expectation: bytes available: "opqrstuvwx"
	Expectation: ackno 894149
	Expectation: 676 assembled bytes, in total
	Action:      segment arrives Header(flags=,seqno=894149,ack=0,win=0) with data "pqrstu"
	Expectation: bytes available: "pqrstu"
	Expectation: ackno 894155
	Expectation: 682 assembled bytes, in total
	Action:      segment arrives Header(flags=,seqno=894155,ack=0,win=0) with data "qrstuvw"
	Expectation: bytes available: "qrstuvw"
	Expectation: ackno 894162
	Expectation: 689 assembled bytes, in total
	Action:      segment arrives Header(flags=,seqno=894162,ack=0,win=0) with data "rstuvwxyza"
	Expectation: bytes available: "rstuvwxyza"
	Expectation: ackno 894172
	Expectation: 699 assembled bytes, in total
	Action:      segment arrives Header(flags=,seqno=894172,ack=0,win=0) with data "stuv"
	Expectation: bytes available: "stuv"
	Expectation: ackno 894176
	Expectation: 703 assembled bytes, in total
	Action:      segment arrives Header(flags=,seqno=894176,ack=0,win=0) with data "tuvw"
	Expectation: bytes available: "tuvw"
	Expectation: ackno 894180
	Expectation: 707 assembled bytes, in total
	Action:      segment arrives Header(flags=,seqno=894180,ack=0,win=0) with data "uvwxyza"
	Expectation: bytes available: "uvwxyza"
	Expectation: ackno 894187
	Expectation: 714 assembled bytes, in total
	Action:      segment arrives Header(flags=,seqno=894187,ack=0,win=0) with data "vwxyzabc"
	Expectation: bytes available: "vwxyzabc"
	Expectation: ackno 894195
	Expectation: 722 assembled bytes, in total
	Action:      segment arrives Header(flags=,seqno=894195,ack=0,win=0) with data "wxyzab"
	Expectation: bytes available: "wxyzab"
	Expectation: ackno 894201
	Expectation: 728 assembled bytes, in total
	Action:      segment arrives Header(flags=,seqno=894201,ack=0,win=0) with data "x"
	Expectation: bytes available: "x"
	Expectation: ackno 894202
	Expectation: 729 assembled bytes, in total
	Action:      segment arrives Header(flags=,seqno=894202,ack=0,win=0) with data "yzabcd"
	Expectation: bytes available: "yzabcd"
	Expectation: ackno 894208
	Expectation: 735 assembled bytes, in total
	Action:      segment arrives Header(flags=,seqno=894208,ack=0,win=0) with data "z"
	Expectation: bytes available: "z"
	Expectation: ackno 894209
	Expectation: 736 assembled bytes, in total
	Action:      segment arrives Header(flags=,seqno=894209,ack=0,win=0) with data "abcdefgh"
	Expectation: bytes available: "abcdefgh"
	Expectation: ackno 894217
	Expectation: 744 assembled bytes, in total
	Action:      segment arrives Header(flags=,seqno=894217,ack=0,win=0) with data "bcdefghi"
	Expectation: bytes available: "bcdefghi"
	Expectation: ackno 894225
	Expectation: 752 assembled bytes, in total
	Action:      segment arrives Header(flags=,seqno=894225,ack=0,win=0) with data "cdefg"
	Expectation: bytes available: "cdefg"
	Expectation: ackno 894230
	Expectation: 757 assembled bytes, in total
	Action:      segment arrives Header(flags=,seqno=894230,ack=0,win=0) with data "defghijkl"
	Expectation: bytes available: "defghijkl"
	Expectation: ackno 894239
	Expectation: 766 assembled bytes, in total
	Action:      segment arrives Header(flags=,seqno=894239,ack=0,win=0) with data "efgh"
	Expectation: bytes available: "efgh"
	Expectation: ackno 894243
	Expectation: 770 assembled bytes, in total
	Action:      segment arrives Header(flags=,seqno=894243,ack=0,win=0) with data "fghijklmn"
	Expectation: bytes available: "fghijklmn"
	Expectation: ackno 894252
	Expectation: 779 assembled bytes, in total
	Action:      segment arrives Header(flags=,seqno=894252,ack=0,win=0) with data "ghij"
	Expectation: bytes available: "ghij"
	Expectation: ackno 894256
	Expectation: 783 assembled bytes, in total
	Action:      segment arrives Header(flags=,seqno=894256,ack=0,win=0) with data "hijk"
	Expectation: bytes available: "hijk"
	Expectation: ackno 894260
	Expectation: 787 assembled bytes, in total
	Action:      segment arrives Header(flags=,seqno=894260,ack=0,win=0) with data "ijk"
	Expectation: bytes available: "ijk"
	Expectation: ackno 894263
	Expectation: 790 assembled bytes, in total
	Action:      segment arrives Header(flags=,seqno=894263,ack=0,win=0) with data "jklmnopqr"
	Expectation: bytes available: "jklmnopqr"
	Expectation: ackno 894272
	Expectation: 799 assembled bytes, in total
	Action:      segment arrives Header(flags=,seqno=894272,ack=0,win=0) with data "klmno"
	Expectation: bytes available: "klmno"
	Expectation: ackno 894277
	Expectation: 804 assembled bytes, in total
	Action:      segment arrives Header(flags=,seqno=894277,ack=0,win=0) with data "lmnopq"
	Expectation: bytes available: "lmnopq"
	Expectation: ackno 894283
	Expectation: 810 assembled bytes, in total
	Action:      segment arrives Header(flags=,seqno=894283,ack=0,win=0) with data "mnopqrst"
	Expectation: bytes available: "mnopqrst"
	Expectation: ackno 894291
	Expectation: 818 assembled bytes, in total
	Action:      segment arrives Header(flags=,seqno=894291,ack=0,win=0) with data "n"
	Expectation: bytes available: "n"
	Expectation: ackno 894292
	Expectation: 819 assembled bytes, in total
	Action:      segment arrives Header(flags=,seqno=894292,ack=0,win=0) with data "opqrst"
	Expectation: bytes available: "opqrst"
	Expectation: ackno 894298
	Expectation: 825 assembled bytes, in total
	Action:      segment arrives Header(flags=,seqno=894298,ack=0,win=0) with data "p"
	Expectation: bytes available: "p"
	Expectation: ackno 894299
	Expectation: 826 assembled bytes, in total
	Action:      segment arrives Header(flags=,seqno=894299,ack=0,win=0) with data "qrstuvwxy"
	Expectation: bytes available: "qrstuvwxy"
	Expectation: ackno 894308
	Expectation: 835 assembled bytes, in total
	Action:      segment arrives Header(flags=,seqno=894308,ack=0,win=0) with data "rstuvwxyz"
	Expectation: bytes available: "rstuvwxyz"
	Expectation: ackno 894317
	Expectation: 844 assembled bytes, in total
	Action:      segment arrives Header(flags=,seqno=894317,ack=0,win=0) with data "stuvwxyzab"
	Expectation: bytes available: "stuvwxyzab"
	Expectation: ackno 894327
	Expectation: 854 assembled bytes, in total
	Action:      segment arrives Header(flags=,seqno=894327,ack=0,win=0) with data "tuvwxyzab"
	Expectation: bytes available: "tuvwxyzab"
	Expectation: ackno 894336
	Expectation: 863 assembled bytes, in total
	Action:      segment arrives Header(flags=,seqno=894336,ack=0,win=0) with data "uvw"
	Expectation: bytes available: "uvw"
	Expectation: ackno 894339
	Expectation: 866 assembled bytes, in total
	Action:      segment arrives Header(flags=,seqno=894339,ack=0,win=0) with data "vwxy"
	Expectation: bytes available: "vwxy"
	Expectation: ackno 894343
	Expectation: 870 assembled bytes, in total
	Action:      segment arrives Header(flags=,seqno=894343,ack=0,win=0) with data "wxyz"
	Expectation: bytes available: "wxyz"
	Expectation: ackno 894347
	Expectation: 874 assembled bytes, in total
	Action:      segment arrives Header(flags=,seqno=894347,ack=0,win=0) with data "x"
	Expectation: bytes available: "x"
	Expectation: ackno 894348
	Expectation: 875 assembled bytes, in total
	Action:      segment arrives Header(flags=,seqno=894348,ack=0,win=0) with data "yzabc"
	Expectation: bytes available: "yzabc"
	Expectation: ackno 894353
	Expectation: 880 assembled bytes, in total
	Action:      segment arrives Header(flags=,seqno=894353,ack=0,win=0) with data "zabc"
	Expectation: bytes available: "zabc"
	Expectation: ackno 894357
	Expectation: 884 assembled bytes, in total
	Action:      segment arrives Header(flags=,seqno=894357,ack=0,win=0) with data "abcdefgh"
	Expectation: bytes available: "abcdefgh"
	Expectation: ackno 894365
	Expectation: 892 assembled bytes, in total
	Action:      segment arrives Header(flags=,seqno=894365,ack=0,win=0) with data "bcdefghi"
	Expectation: bytes available: "bcdefghi"
	Expectation: ackno 894373
	Expectation: 900 assembled bytes, in total
	Action:      segment arrives Header(flags=,seqno=894373,ack=0,win=0) with data "cdefghij"
	Expectation: bytes available: "cdefghij"
	Expectation: ackno 894381
	Expectation: 908 assembled bytes, in total
	Action:      segment arrives Header(flags=,seqno=894381,ack=0,win=0) with data "def"
	Expectation: bytes available: "def"
	Expectation: ackno 894384
	Expectation: 911 assembled bytes, in total
	Action:      segment arrives Header(flags=,seqno=894384,ack=0,win=0) with data "efghijk"
	Expectation: bytes available: "efghijk"
	Expectation: ackno 894391
	Expectation: 918 assembled bytes, in total
	Action:      segment arrives Header(flags=,seqno=894391,ack=0,win=0) with data "f"
	Expectation: bytes available: "f"
	Expectation: ackno 894392
	Expectation: 919 assembled bytes, in total
	Action:      segment arrives Header(flags=,seqno=894392,ack=0,win=0) with data "ghijkl"
	Expectation: bytes available: "ghijkl"
	Expectation: ackno 894398
	Expectation: 925 assembled bytes, in total
	Action:      segment arrives Header(flags=,seqno=894398,ack=0,win=0) with data "h"
	Expectation: bytes available: "h"
	Expectation: ackno 894399
	Expectation: 926 assembled bytes, in total
	Action:      segment arrives Header(flags=,seqno=894399,ack=0,win=0) with data "ij"
	Expectation: bytes available: "ij"
	Expectation: ackno 894401
	Expectation: 928 assembled bytes, in total
	Action:      segment arrives Header(flags=,seqno=894401,ack=0,win=0) with data "jklmno"
	Expectation: bytes available: "jklmno"
	Expectation: ackno 894407
	Expectation: 934 assembled bytes, in total
	Action:      segment arrives Header(flags=,seqno=894407,ack=0,win=0) with data "kl"
	Expectation: bytes available: "kl"
	Expectation: ackno 894409
	Expectation: 936 assembled bytes, in total
	Action:      segment arrives Header(flags=,seqno=894409,ack=0,win=0) with data "lmnopqrs"
	Expectation: bytes available: "lmnopqrs"
	Expectation: ackno 894417
	Expectation: 944 assembled bytes, in total
	Action:      segment arrives Header(flags=,seqno=894417,ack=0,win=0) with data "m"
	Expectation: bytes available: "m"
	Expectation: ackno 894418
	Expectation: 945 assembled bytes, in total
	Action:      segment arrives Header(flags=,seqno=894418,ack=0,win=0) with data "nopq"
	Expectation: bytes available: "nopq"
	Expectation: ackno 894422
	Expectation: 949 assembled bytes, in total
	Action:      segment arrives Header(flags=,seqno=894422,ack=0,win=0) with data "op"
	Expectation: bytes available: "op"
	Expectation: ackno 894424
	Expectation: 951 assembled bytes, in total
	Action:      segment arrives Header(flags=,seqno=894424,ack=0,win=0) with data "pqrs"
	Expectation: bytes available: "pqrs"
	Expectation: ackno 894428
	Expectation: 955 assembled bytes, in total
	Action:      segment arrives Header(flags=,seqno=894428,ack=0,win=0) with data "qrs"
	Expectation: bytes available: "qrs"
	Expectation: ackno 894431
	Expectation: 958 assembled bytes, in total
	Action:      segment arrives Header(flags=,seqno=894431,ack=0,win=0) with data "rstuvwxyz"
	Expectation: bytes available: "rstuvwxyz"
	Expectation: ackno 894440
	Expectation: 967 assembled bytes, in total
	Action:      segment arrives Header(flags=,seqno=894440,ack=0,win=0) with data "st"
	Expectation: bytes available: "st"
	Expectation: ackno 894442
	Expectation: 969 assembled bytes, in total
	Action:      segment arrives Header(flags=,seqno=894442,ack=0,win=0) with data "tuvwxyza"
	Expectation: bytes available: "tuvwxyza"
	Expectation: ackno 894450
	Expectation: 977 assembled bytes, in total
	Action:      segment arrives Header(flags=,seqno=894450,ack=0,win=0) with data "uvwxy"
	Expectation: bytes available: "uvwxy"
	Expectation: ackno 894455
	Expectation: 982 assembled bytes, in total
	Action:      segment arrives Header(flags=,seqno=894455,ack=0,win=0) with data "vwxyzabcde"
	Expectation: bytes available: "vwxyzabcde"
	Expectation: ackno 894465
	Expectation: 992 assembled bytes, in total
	Action:      segment arrives Header(flags=,seqno=894465,ack=0,win=0) with data "wxyzabc"
	Expectation: bytes available: "wxyzabc"
	Expectation: ackno 894472
	Expectation: 999 assembled bytes, in total
	Action:      segment arrives Header(flags=,seqno=894472,ack=0,win=0) with data "xyzabcdefg"
	Expectation: bytes available: "xyzabcdefg"
	Expectation: ackno 894482
	Expectation: 1009 assembled bytes, in total
	Action:      segment arrives Header(flags=,seqno=894482,ack=0,win=0) with data "yza"
	Expectation: bytes available: "yza"
	Expectation: ackno 894485
	Expectation: 1012 assembled bytes, in total
	Action:      segment arrives Header(flags=,seqno=894485,ack=0,win=0) with data "zabcd"
	Expectation: bytes available: "zabcd"
	Expectation: ackno 894490
	Expectation: 1017 assembled bytes, in total
	Action:      segment arrives Header(flags=,seqno=894490,ack=0,win=0) with data "abcdefgh"
	Expectation: bytes available: "abcdefgh"
	Expectation: ackno 894498
	Expectation: 1025 assembled bytes, in total
	Action:      segment arrives Header(flags=,seqno=894498,ack=0,win=0) with data "bcdefgh"
	Expectation: bytes available: "bcdefgh"
	Expectation: ackno 894505
	Expectation: 1032 assembled bytes, in total
	Action:      segment arrives Header(flags=,seqno=894505,ack=0,win=0) with data "cd"
	Expectation: bytes available: "cd"
	Expectation: ackno 894507
	Expectation: 1034 assembled bytes, in total
	Action:      segment arrives Header(flags=,seqno=894507,ack=0,win=0) with data "defghijklm"
	Expectation: bytes available: "defghijklm"
	Expectation: ackno 894517
	Expectation: 1044 assembled bytes, in total
	Action:      segment arrives Header(flags=,seqno=894517,ack=0,win=0) with data "efgh"
	Expectation: bytes available: "efgh"
	Expectation: ackno 894521
	Expectation: 1048 assembled bytes, in total
	Action:      segment arrives Header(flags=,seqno=894521,ack=0,win=0) with data "fghijklm"
	Expectation: bytes available: "fghijklm"
	Expectation: ackno 894529
	Expectation: 1056 assembled bytes, in total
	Action:      segment arrives Header(flags=,seqno=894529,ack=0,win=0) with data "ghijklmnop"
	Expectation: bytes available: "ghijklmnop"
	Expectation: ackno 894539
	Expectation: 1066 assembled bytes, in total
	Action:      segment arrives Header(flags=,seqno=894539,ack=0,win=0) with data "hijklmno"
	Expectation: bytes available: "hijklmno"
	Expectation: ackno 894547
	Expectation: 1074 assembled bytes, in total
	Action:      segment arrives Header(flags=,seqno=894547,ack=0,win=0) with data "ij"
	Expectation: bytes available: "ij"
	Expectation: ackno 894549
	Expectation: 1076 assembled bytes, in total
	Action:      segment arrives Header(flags=,seqno=894549,ack=0,win=0) with data "jklmnopqr"
	Expectation: bytes available: "jklmnopqr"
	Expectation: ackno 894558
	Expectation: 1085 assembled bytes, in total
	Action:      segment arrives Header(flags=,seqno=894558,ack=0,win=0) with data "klmno"
	Expectation: bytes available: "klmno"
	Expectation: ackno 894563
	Expectation: 1090 assembled bytes, in total
	Action:      segment arrives Header(flags=,seqno=894563,ack=0,win=0) with data "lm"
	Expectation: bytes available: "lm"
	Expectation: ackno 894565
	Expectation: 1092 assembled bytes, in total
	Action:      segment arrives Header(flags=,seqno=894565,ack=0,win=0) with data "mnopqr"
	Expectation: bytes available: "mnopqr"
	Expectation: ackno 894571
	Expectation: 1098 assembled bytes, in total
	Action:      segment arrives Header(flags=,seqno=894571,ack=0,win=0) with data "nopqrstu"
	Expectation: bytes available: "nopqrstu"
	Expectation: ackno 894579
	Expectation: 1106 assembled bytes, in total
	Action:      segment arrives Header(flags=,seqno=894579,ack=0,win=0) with data "opqrs"
	Expectation: bytes available: "opqrs"
	Expectation: ackno 894584
	Expectation: 1111 assembled bytes, in total
	Action:      segment arrives Header(flags=,seqno=894584,ack=0,win=0) with data "pqr"
	Expectation: bytes available: "pqr"
	Expectation: ackno 894587
	Expectation: 1114 assembled bytes, in total
	Action:      segment arrives Header(flags=,seqno=894587,ack=0,win=0) with data "qrstuvw"
	Expectation: bytes available: "qrstuvw"
	Expectation: ackno 894594
	Expectation: 1121 assembled bytes, in total
	Action:      segment arrives Header(flags=,seqno=894594,ack=0,win=0) with data "rstu"
	Expectation: bytes available: "rstu"
	Expectation: ackno 894598
	Expectation: 1125 assembled bytes, in total
	Action:      segment arrives Header(flags=,seqno=894598,ack=0,win=0) with data "stu"
	Expectation: bytes available: "stu"
	Expectation: ackno 894601
	Expectation: 1128 assembled bytes, in total
	Action:      segment arrives Header(flags=,seqno=894601,ack=0,win=0) with data "tuv"
	Expectation: bytes available: "tuv"
	Expectation: ackno 894604
	Expectation: 1131 assembled bytes, in total
	Action:      segment arrives Header(flags=,seqno=894604,ack=0,win=0) with data "uvwxyza"
	Expectation: bytes available: "uvwxyza"
	Expectation: ackno 894611
	Expectation: 1138 assembled bytes, in total
	Action:      segment arrives Header(flags=,seqno=894611,ack=0,win=0) with data "v"
	Expectation: bytes available: "v"
	Expectation: ackno 894612
	Expectation: 1139 assembled bytes, in total
	Action:      segment arrives Header(flags=,seqno=894612,ack=0,win=0) with data "wxy"
	Expectation: bytes available: "wxy"
	Expectation: ackno 894615
	Expectation: 1142 assembled bytes, in total
	Action:      segment arrives Header(flags=,seqno=894615,ack=0,win=0) with data "xyza"
	Expectation: bytes available: "xyza"
	Expectation: ackno 894619
	Expectation: 1146 assembled bytes, in total
	Action:      segment arrives Header(flags=,seqno=894619,ack=0,win=0) with data "yzabc"
	Expectation: bytes available: "yzabc"
	Expectation: ackno 894624
	Expectation: 1151 assembled bytes, in total
	Action:      segment arrives Header(flags=,seqno=894624,ack=0,win=0) with data "zabcdefg"
	Expectation: bytes available: "zabcdefg"
	Expectation: ackno 894632
	Expectation: 1159 assembled bytes, in total
	Action:      segment arrives Header(flags=,seqno=894632,ack=0,win=0) with data "abcdefghi"
	Expectation: bytes available: "abcdefghi"
	Expectation: ackno 894641
	Expectation: 1168 assembled bytes, in total
	Action:      segment arrives Header(flags=,seqno=894641,ack=0,win=0) with data "bcd"
	Expectation: bytes available: "bcd"
	Expectation: ackno 894644
	Expectation: 1171 assembled bytes, in total
	Action:      segment arrives Header(flags=,seqno=894644,ack=0,win=0) with data "cde"
	Expectation: bytes available: "cde"
	Expectation: ackno 894647
	Expectation: 1174 assembled bytes, in total
	Action:      segment arrives Header(flags=,seqno=894647,ack=0,win=0) with data "d"
	Expectation: bytes available: "d"
	Expectation: ackno 894648
	Expectation: 1175 assembled bytes, in total
	Action:      segment arrives Header(flags=,seqno=894648,ack=0,win=0) with data "efg"
	Expectation: bytes available: "efg"
	Expectation: ackno 894651
	Expectation: 1178 assembled bytes, in total
	Action:      segment arrives Header(flags=,seqno=894651,ack=0,win=0) with data "fghi"
	Expectation: bytes available: "fghi"
	Expectation: ackno 894655
	Expectation: 1182 assembled bytes, in total
	Action:      segment arrives Header(flags=,seqno=894655,ack=0,win=0) with data "ghijkl"
	Expectation: bytes available: "ghijkl"
	Expectation: ackno 894661
	Expectation: 1188 assembled bytes, in total
	Action:      segment arrives Header(flags=,seqno=894661,ack=0,win=0) with data "hijklmnopq"
	Expectation: bytes available: "hijklmnopq"
	Expectation: ackno 894671
	Expectation: 1198 assembled bytes, in total
	Action:      segment arrives Header(flags=,seqno=894671,ack=0,win=0) with data "ijklm"
	Expectation: bytes available: "ijklm"
	Expectation: ackno 894676
	Expectation: 1203 assembled bytes, in total
	Action:      segment arrives Header(flags=,seqno=894676,ack=0,win=0) with data "jk"
	Expectation: bytes available: "jk"
	Expectation: ackno 894678
	Expectation: 1205 assembled bytes, in total
	Action:      segment arrives Header(flags=,seqno=894678,ack=0,win=0) with data "klmnop"
	Expectation: bytes available: "klmnop"
	Expectation: ackno 894684
	Expectation: 1211 assembled bytes, in total
	Action:      segment arrives Header(flags=,seqno=894684,ack=0,win=0) with data "lmno"
	Expectation: bytes available: "lmno"
	Expectation: ackno 894688
	Expectation: 1215 assembled bytes, in total
	Action:      segment arrives Header(flags=,seqno=894688,ack=0,win=0) with data "mnop"
	Expectation: bytes available: "mnop"
	Expectation: ackno 894692
	Expectation: 1219 assembled bytes, in total
	Action:      segment arrives Header(flags=,seqno=894692,ack=0,win=0) with data "nopqrst"
	Expectation: bytes available: "nopqrst"
	Expectation: ackno 894699
	Expectation: 1226 assembled bytes, in total
	Action:      segment arrives Header(flags=,seqno=894699,ack=0,win=0) with data "opqr"
	Expectation: bytes available: "opqr"
	Expectation: ackno 894703
	Expectation: 1230 assembled bytes, in total
	Action:      segment arrives Header(flags=,seqno=894703,ack=0,win=0) with data "pqrstuv"
	Expectation: bytes available: "pqrstuv"
	Expectation: ackno 894710
	Expectation: 1237 assembled bytes, in total
	Action:      segment arrives Header(flags=,seqno=894710,ack=0,win=0) with data "qrstu"
	Expectation: bytes available: "qrstu"
	Expectation: ackno 894715
	Expectation: 1242 assembled bytes, in total
	Action:      segment arrives Header(flags=,seqno=894715,ack=0,win=0) with data "rstuvwx"
	Expectation: bytes available: "rstuvwx"
	Expectation: ackno 894722
	Expectation: 1249 assembled bytes, in total
	Action:      segment arrives Header(flags=,seqno=894722,ack=0,win=0) with data "stuvwxyzab"
	Expectation: bytes available: "stuvwxyzab"
	Expectation: ackno 894732
	Expectation: 1259 assembled bytes, in total
	Action:      segment arrives Header(flags=,seqno=894732,ack=0,win=0) with data "tuvwx"
	Expectation: bytes available: "tuvwx"
	Expectation: ackno 894737
	Expectation: 1264 assembled bytes, in total
	Action:      segment arrives Header(flags=,seqno=894737,ack=0,win=0) with data "uvwxy"
	Expectation: bytes available: "uvwxy"
	Expectation: ackno 894742
	Expectation: 1269 assembled bytes, in total
	Action:      segment arrives Header(flags=,seqno=894742,ack=0,win=0) with data "v"
	Expectation: bytes available: "v"
	Expectation: ackno 894743
	Expectation: 1270 assembled bytes, in total
	Action:      segment arrives Header(flags=,seqno=894743,ack=0,win=0) with data "wxyzabcdef"
	Expectation: bytes available: "wxyzabcdef"
	Expectation: ackno 894753
	Expectation: 1280 assembled bytes, in total
	Action:      segment arrives Header(flags=,seqno=894753,ack=0,win=0) with data "xyzabcdefg"
	Expectation: bytes available: "xyzabcdefg"
	Expectation: ackno 894763
	Expectation: 1290 assembled bytes, in total
	Action:      segment arrives Header(flags=,seqno=894763,ack=0,win=0) with data "yzabcdefgh"
	Expectation: bytes available: "yzabcdefgh"
	Expectation: ackno 894773
	Expectation: 1300 assembled bytes, in total
	Action:      segment arrives Header(flags=,seqno=894773,ack=0,win=0) with data "z"
	Expectation: bytes available: "z"
	Expectation: ackno 894774
	Expectation: 1301 assembled bytes, in total
	Action:      segment arrives Header(flags=,seqno=894774,ack=0,win=0) with data "abcdef"
	Expectation: bytes available: "abcdef"
	Expectation: ackno 894780
	Expectation: 1307 assembled bytes, in total
	Action:      segment arrives Header(flags=,seqno=894780,ack=0,win=0) with data "bcdefgh"
	Expectation: bytes available: "bcdefgh"
	Expectation: ackno 894787
	Expectation: 1314 assembled bytes, in total
	Action:      segment arrives Header(flags=,seqno=894787,ack=0,win=0) with data "cdefg"
	Expectation: bytes available: "cdefg"
	Expectation: ackno 894792
	Expectation: 1319 assembled bytes, in total
	Action:      segment arrives Header(flags=,seqno=894792,ack=0,win=0) with data "defghij"
	Expectation: bytes available: "defghij"
	Expectation: ackno 894799
	Expectation: 1326 assembled bytes, in total
	Action:      segment arrives Header(flags=,seqno=894799,ack=0,win=0) with data "ef"
	Expectation: bytes available: "ef"
	Expectation: ackno 894801
	Expectation: 1328 assembled bytes, in total
	Action:      segment arrives Header(flags=,seqno=894801,ack=0,win=0) with data "fghij"
	Expectation: bytes available: "fghij"
	Expectation: ackno 894806
	Expectation: 1333 assembled bytes, in total
	Action:      segment arrives Header(flags=,seqno=894806,ack=0,win=0) with data "ghijkl"
	Expectation: bytes available: "ghijkl"
	Expectation: ackno 894812
	Expectation: 1339 assembled bytes, in total
	Action:      segment arrives Header(flags=,seqno=894812,ack=0,win=0) with data "hijklm"
	Expectation: bytes available: "hijklm"
	Expectation: ackno 894818
	Expectation: 1345 assembled bytes, in total
	Action:      segment arrives Header(flags=,seqno=894818,ack=0,win=0) with data "ijkl"
	Expectation: bytes available: "ijkl"
	Expectation: ackno 894822
	Expectation: 1349 assembled bytes, in total
	Action:      segment arrives Header(flags=,seqno=894822,ack=0,win=0) with data "jklm"
	Expectation: bytes available: "jklm"
	Expectation: ackno 894826
	Expectation: 1353 assembled bytes, in total
	Action:      segment arrives Header(flags=,seqno=894826,ack=0,win=0) with data "klmno"
	Expectation: bytes available: "klmno"
	Expectation: ackno 894831
	Expectation: 1358 assembled bytes, in total
	Action:      segment arrives Header(flags=,seqno=894831,ack=0,win=0) with data "lm"
	Expectation: bytes available: "lm"
	Expectation: ackno 894833
	Expectation: 1360 assembled bytes, in total
	Action:      segment arrives Header(flags=,seqno=894833,ack=0,win=0) with data "mnopqrstuv"
	Expectation: bytes available: "mnopqrstuv"
	Expectation: ackno 894843
	Expectation: 1370 assembled bytes, in total
	Action:      segment arrives Header(flags=,seqno=894843,ack=0,win=0) with data "nop"
	Expectation: bytes available: "nop"
	Expectation: ackno 894846
	Expectation: 1373 assembled bytes, in total
	Action:      segment arrives Header(flags=,seqno=894846,ack=0,win=0) with data "opqrstuvw"
	Expectation: bytes available: "opqrstuvw"
	Expectation: ackno 894855
	Expectation: 1382 assembled bytes, in total
	Action:      segment arrives Header(flags=,seqno=894855,ack=0,win=0) with data "p"
	Expectation: bytes available: "p"
	Expectation: ackno 894856
	Expectation: 1383 assembled bytes, in total
	Action:      segment arrives Header(flags=,seqno=894856,ack=0,win=0) with data "qrstu"
	Expectation: bytes available: "qrstu"
	Expectation: ackno 894861
	Expectation: 1388 assembled bytes, in total
	Action:      segment arrives Header(flags=,seqno=894861,ack=0,win=0) with data "rstuvw"
	Expectation: bytes available: "rstuvw"
	Expectation: ackno 894867
	Expectation: 1394 assembled bytes, in total
	Action:      segment arrives Header(flags=,seqno=894867,ack=0,win=0) with data "stuvw"
	Expectation: bytes available: "stuvw"
	Expectation: ackno 894872
	Expectation: 1399 assembled bytes, in total
	Action:      segment arrives Header(flags=,seqno=894872,ack=0,win=0) with data "tuvwxyza"
	Expectation: bytes available: "tuvwxyza"
	Expectation: ackno 894880
	Expectation: 1407 assembled bytes, in total
	Action:      segment arrives Header(flags=,seqno=894880,ack=0,win=0) with data "uvwxyzab"
	Expectation: bytes available: "uvwxyzab"
	Expectation: ackno 894888
	Expectation: 1415 assembled bytes, in total
	Action:      segment arrives Header(flags=,seqno=894888,ack=0,win=0) with data "vwxyzab"
	Expectation: bytes available: "vwxyzab"
	Expectation: ackno 894895
	Expectation: 1422 assembled bytes, in total
	Action:      segment arrives Header(flags=,seqno=894895,ack=0,win=0) with data "wxyzabcde"
	Expectation: bytes available: "wxyzabcde"
	Expectation: ackno 894904
	Expectation: 1431 assembled bytes, in total
	Action:      segment arrives Header(flags=,seqno=894904,ack=0,win=0) with data "xyzabcd"
	Expectation: bytes available: "xyzabcd"
	Expectation: ackno 894911
	Expectation: 1438 assembled bytes, in total
	Action:      segment arrives Header(flags=,seqno=894911,ack=0,win=0) with data "yzab"
	Expectation: bytes available: "yzab"
	Expectation: ackno 894915
	Expectation: 1442 assembled bytes, in total
	Action:      segment arrives Header(flags=,seqno=894915,ack=0,win=0) with data "zabcd"
	Expectation: bytes available: "zabcd"
	Expectation: ackno 894920
	Expectation: 1447 assembled bytes, in total
	Action:      segment arrives Header(flags=,seqno=894920,ack=0,win=0) with data "abcdefgh"
	Expectation: bytes available: "abcdefgh"
	Expectation: ackno 894928
	Expectation: 1455 assembled bytes, in total
	Action:      segment arrives Header(flags=,seqno=894928,ack=0,win=0) with data "b"
	Expectation: bytes available: "b"
	Expectation: ackno 894929
	Expectation: 1456 assembled bytes, in total
	Action:      segment arrives Header(flags=,seqno=894929,ack=0,win=0) with data "cde"
	Expectation: bytes available: "cde"
	Expectation: ackno 894932
	Expectation: 1459 assembled bytes, in total
	Action:      segment arrives Header(flags=,seqno=894932,ack=0,win=0) with data "def"
	Expectation: bytes available: "def"
	Expectation: ackno 894935
	Expectation: 1462 assembled bytes, in total
	Action:      segment arrives Header(flags=,seqno=894935,ack=0,win=0) with data "efg"
	Expectation: bytes available: "efg"
	Expectation: ackno 894938
	Expectation: 1465 assembled bytes, in total
	Action:      segment arrives Header(flags=,seqno=894938,ack=0,win=0) with data "fghijklmno"
	Expectation: bytes available: "fghijklmno"
	Expectation: ackno 894948
	Expectation: 1475 assembled bytes, in total
	Action:      segment arrives Header(flags=,seqno=894948,ack=0,win=0) with data "ghi"
	Expectation: bytes available: "ghi"
	Expectation: ackno 894951
	Expectation: 1478 assembled bytes, in total
	Action:      segment arrives Header(flags=,seqno=894951,ack=0,win=0) with data "hijklmnop"
	Expectation: bytes available: "hijklmnop"
	Expectation: ackno 894960
	Expectation: 1487 assembled bytes, in total
	Action:      segment arrives Header(flags=,seqno=894960,ack=0,win=0) with data "ijkl"
	Expectation: bytes available: "ijkl"
	Expectation: ackno 894964
	Expectation: 1491 assembled bytes, in total
	Action:      segment arrives Header(flags=,seqno=894964,ack=0,win=0) with data "jk"
	Expectation: bytes available: "jk"
	Expectation: ackno 894966
	Expectation: 1493 assembled bytes, in total
	Action:      segment arrives Header(flags=,seqno=894966,ack=0,win=0) with data "klmnopqrst"
	Expectation: bytes available: "klmnopqrst"
	Expectation: ackno 894976
	Expectation: 1503 assembled bytes, in total
	Action:      segment arrives Header(flags=,seqno=894976,ack=0,win=0) with data "lmnopqrstu"
	Expectation: bytes available: "lmnopqrstu"
	Expectation: ackno 894986
	Expectation: 1513 assembled bytes, in total
	Action:      segment arrives Header(flags=,seqno=894986,ack=0,win=0) with data "mno"
	Expectation: bytes available: "mno"
	Expectation: ackno 894989
	Expectation: 1516 assembled bytes, in total
	Action:      segment arrives Header(flags=,seqno=894989,ack=0,win=0) with data "nopqrstuvw"
	Expectation: bytes available: "nopqrstuvw"
	Expectation: ackno 894999
	Expectation: 1526 assembled bytes, in total
	Action:      segment arrives Header(flags=,seqno=894999,ack=0,win=0) with data "o"
	Expectation: bytes available: "o"
	Expectation: ackno 895000
	Expectation: 1527 assembled bytes, in total
	Action:      segment arrives Header(flags=,seqno=895000,ack=0,win=0) with data "pqrstuvwx"
	Expectation: bytes available: "pqrstuvwx"
	Expectation: ackno 895009
	Expectation: 1536 assembled bytes, in total
	Action:      segment arrives Header(flags=,seqno=895009,ack=0,win=0) with data "qrstuv"
	Expectation: bytes available: "qrstuv"
	Expectation: ackno 895015
	Expectation: 1542 assembled bytes, in total
	Action:      segment arrives Header(flags=,seqno=895015,ack=0,win=0) with data "r"
	Expectation: bytes available: "r"
	Expectation: ackno 895016
	Expectation: 1543 assembled bytes, in total
	Action:      segment arrives Header(flags=,seqno=895016,ack=0,win=0) with data "stuv"
	Expectation: bytes available: "stuv"
	Expectation: ackno 895020
	Expectation: 1547 assembled bytes, in total
	Action:      segment arrives Header(flags=,seqno=895020,ack=0,win=0) with data "t"
	Expectation: bytes available: "t"
	Expectation: ackno 895021
	Expectation: 1548 assembled bytes, in total
	Action:      segment arrives Header(flags=,seqno=895021,ack=0,win=0) with data "uvwxyzabc"
	Expectation: bytes available: "uvwxyzabc"
	Expectation: ackno 895030
	Expectation: 1557 assembled bytes, in total
	Action:      segment arrives Header(flags=,seqno=895030,ack=0,win=0) with data "vw"
	Expectation: bytes available: "vw"
	Expectation: ackno 895032
	Expectation: 1559 assembled bytes, in total
	Action:      segment arrives Header(flags=,seqno=895032,ack=0,win=0) with data "wxyzabcd"
	Expectation: bytes available: "wxyzabcd"
	Expectation: ackno 895040
	Expectation: 1567 assembled bytes, in total
	Action:      segment arrives Header(flags=,seqno=895040,ack=0,win=0) with data "xyza"
	Expectation: bytes available: "xyza"
	Expectation: ackno 895044
	Expectation: 1571 assembled bytes, in total
	Action:      segment arrives Header(flags=,seqno=895044,ack=0,win=0) with data "yzabcd"
	Expectation: bytes available: "yzabcd"
	Expectation: ackno 895050
	Expectation: 1577 assembled bytes, in total
	Action:      segment arrives Header(flags=,seqno=895050,ack=0,win=0) with data "zab"
	Expectation: bytes available: "zab"
	Expectation: ackno 895053
	Expectation: 1580 assembled bytes, in total
	Action:      segment arrives Header(flags=,seqno=895053,ack=0,win=0) with data "abc"
	Expectation: bytes available: "abc"
	Expectation: ackno 895056
	Expectation: 1583 assembled bytes, in total
	Action:      segment arrives Header(flags=,seqno=895056,ack=0,win=0) with data "bcdefghijk"
	Expectation: bytes available: "bcdefghijk"
	Expectation: ackno 895066
	Expectation: 1593 assembled bytes, in total
	Action:      segment arrives Header(flags=,seqno=895066,ack=0,win=0) with data "cdefghijkl"
	Expectation: bytes available: "cdefghijkl"
	Expectation: ackno 895076
	Expectation: 1603 assembled bytes, in total
	Action:      segment arrives Header(flags=,seqno=895076,ack=0,win=0) with data "defghijk"
	Expectation: bytes available: "defghijk"
	Expectation: ackno 895084
	Expectation: 1611 assembled bytes, in total
	Action:      segment arrives Header(flags=,seqno=895084,ack=0,win=0) with data "efghijklm"
	Expectation: bytes available: "efghijklm"
	Expectation: ackno 895093
	Expectation: 1620 assembled bytes, in total
	Action:      segment arrives Header(flags=,seqno=895093,ack=0,win=0) with data "fghijklmno"
	Expectation: bytes available: "fghijklmno"
	Expectation: ackno 895103
	Expectation: 1630 assembled bytes, in total
	Action:      segment arrives Header(flags=,seqno=895103,ack=0,win=0) with data "ghijklm"
	Expectation: bytes available: "ghijklm"
	Expectation: ackno 895110
	Expectation: 1637 assembled bytes, in total
	Action:      segment arrives Header(flags=,seqno=895110,ack=0,win=0) with data "h"
	Expectation: bytes available: "h"
	Expectation: ackno 895111
	Expectation: 1638 assembled bytes, in total
	Action:      segment arrives Header(flags=,seqno=895111,ack=0,win=0) with data "ijk"
	Expectation: bytes available: "ijk"
	Expectation: ackno 895114
	Expectation: 1641 assembled bytes, in total
	Action:      segment arrives Header(flags=,seqno=895114,ack=0,win=0) with data "jklmnop"
	Expectation: bytes available: "jklmnop"
	Expectation: ackno 895121
	Expectation: 1648 assembled bytes, in total
	Action:      segment arrives Header(flags=,seqno=895121,ack=0,win=0) with data "klm"
	Expectation: bytes available: "klm"
	Expectation: ackno 895124
	Expectation: 1651 assembled bytes, in total
	Action:      segment arrives Header(flags=,seqno=895124,ack=0,win=0) with data "lmnopq"
	Expectation: bytes available: "lmnopq"
	Expectation: ackno 895130
	Expectation: 1657 assembled bytes, in total
	Action:      segment arrives Header(flags=,seqno=895130,ack=0,win=0) with data "mnopqr"
	Expectation: bytes available: "mnopqr"
	Expectation: ackno 895136
	Expectation: 1663 assembled bytes, in total
	Action:      segment arrives Header(flags=,seqno=895136,ack=0,win=0) with data "nopqrst"
	Expectation: bytes available: "nopqrst"
	Expectation: ackno 895143
	Expectation: 1670 assembled bytes, in total
	Action:      segment arrives Header(flags=,seqno=895143,ack=0,win=0) with data "opqrs"
	Expectation: bytes available: "opqrs"
	Expectation: ackno 895148
	Expectation: 1675 assembled bytes, in total
	Action:      segment arrives Header(flags=,seqno=895148,ack=0,win=0) with data "pqrs"
	Expectation: bytes available: "pqrs"
	Expectation: ackno 895152
	Expectation: 1679 assembled bytes, in total
	Action:      segment arrives Header(flags=,seqno=895152,ack=0,win=0) with data "qrst"
	Expectation: bytes available: "qrst"
	Expectation: ackno 895156
	Expectation: 1683 assembled bytes, in total
	Action:      segment arrives Header(flags=,seqno=895156,ack=0,win=0) with data "rstuvwx"
	Expectation: bytes available: "rstuvwx"
	Expectation: ackno 895163
	Expectation: 1690 assembled bytes, in total
	Action:      segment arrives Header(flags=,seqno=895163,ack=0,win=0) with data "stuvwxy"
	Expectation: bytes available: "stuvwxy"
	Expectation: ackno 895170
	Expectation: 1697 assembled bytes, in total
	Action:      segment arrives Header(flags=,seqno=895170,ack=0,win=0) with data "tuvwxyza"
	Expectation: bytes available: "tuvwxyza"
	Expectation: ackno 895178
	Expectation: 1705 assembled bytes, in total
	Action:      segment arrives Header(flags=,seqno=895178,ack=0,win=0) with data "uvwxy"
	Expectation: bytes available: "uvwxy"
	Expectation: ackno 895183
	Expectation: 1710 assembled bytes, in total
	Action:      segment arrives Header(flags=,seqno=895183,ack=0,win=0) with data "vwxyzab"
	Expectation: bytes available: "vwxyzab"
	Expectation: ackno 895190
	Expectation: 1717 assembled bytes, in total
	Action:      segment arrives Header(flags=,seqno=895190,ack=0,win=0) with data "wxyzabcde"
	Expectation: bytes available: "wxyzabcde"
	Expectation: ackno 895199
	Expectation: 1726 assembled bytes, in total
	Action:      segment arrives Header(flags=,seqno=895199,ack=0,win=0) with data "xyzabcd"
	Expectation: bytes available: "xyzabcd"
	Expectation: ackno 895206
	Expectation: 1733 assembled bytes, in total
	Action:      segment arrives Header(flags=,seqno=895206,ack=0,win=0) with data "yzab"
	Expectation: bytes available: "yzab"
	Expectation: ackno 895210
	Expectation: 1737 assembled bytes, in total
	Action:      segment arrives Header(flags=,seqno=895210,ack=0,win=0) with data "zabc"
	Expectation: bytes available: "zabc"
	Expectation: ackno 895214
	Expectation: 1741 assembled bytes, in total
	Action:      segment arrives Header(flags=,seqno=895214,ack=0,win=0) with data "abcdefgh"
	Expectation: bytes available: "abcdefgh"
	Expectation: ackno 895222
	Expectation: 1749 assembled bytes, in total
	Action:      segment arrives Header(flags=,seqno=895222,ack=0,win=0) with data "bcdef"
	Expectation: bytes available: "bcdef"
	Expectation: ackno 895227
	Expectation: 1754 assembled bytes, in total
	Action:      segment arrives Header(flags=,seqno=895227,ack=0,win=0) with data "cdef"
	Expectation: bytes available: "cdef"
	Expectation: ackno 895231
	Expectation: 1758 assembled bytes, in total
	Action:      segment arrives Header(flags=,seqno=895231,ack=0,win=0) with data "defghijk"
	Expectation: bytes available: "defghijk"
	Expectation: ackno 895239
	Expectation: 1766 assembled bytes, in total
	Action:      segment arrives Header(flags=,seqno=895239,ack=0,win=0) with data "e"
	Expectation: bytes available: "e"
	Expectation: ackno 895240
	Expectation: 1767 assembled bytes, in total
	Action:      segment arrives Header(flags=,seqno=895240,ack=0,win=0) with data "fghijklm"
	Expectation: bytes available: "fghijklm"
	Expectation: ackno 895248
	Expectation: 1775 assembled bytes, in total
	Action:      segment arrives Header(flags=,seqno=895248,ack=0,win=0) with data "ghi"
	Expectation: bytes available: "ghi"
	Expectation: ackno 895251
	Expectation: 1778 assembled bytes, in total
	Action:      segment arrives Header(flags=,seqno=895251,ack=0,win=0) with data "hijklmnopq"
	Expectation: bytes available: "hijklmnopq"
	Expectation: ackno 895261
	Expectation: 1788 assembled bytes, in total
	Action:      segment arrives Header(flags=,seqno=895261,ack=0,win=0) with data "ijklmno"
	Expectation: bytes available: "ijklmno"
	Expectation: ackno 895268
	Expectation: 1795 assembled bytes, in total
	Action:      segment arrives Header(flags=,seqno=895268,ack=0,win=0) with data "jklmno"
	Expectation: bytes available: "jklmno"
	Expectation: ackno 895274
	Expectation: 1801 assembled bytes, in total
	Action:      segment arrives Header(flags=,seqno=895274,ack=0,win=0) with data "klm"
	Expectation: bytes available: "klm"
	Expectation: ackno 895277
	Expectation: 1804 assembled bytes, in total
	Action:      segment arrives Header(flags=,seqno=895277,ack=0,win=0) with data "lmnop"
	Expectation: bytes available: "lmnop"
	Expectation: ackno 895282
	Expectation: 1809 assembled bytes, in total
	Action:      segment arrives Header(flags=,seqno=895282,ack=0,win=0) with data "mnopq"
	Expectation: bytes available: "mnopq"
	Expectation: ackno 895287
	Expectation: 1814 assembled bytes, in total
	Action:      segment arrives Header(flags=,seqno=895287,ack=0,win=0) with data "nopqrs"
	Expectation: bytes available: "nopqrs"
	Expectation: ackno 895293
	Expectation: 1820 assembled bytes, in total
	Action:      segment arrives Header(flags=,seqno=895293,ack=0,win=0) with data "opqr"
	Expectation: bytes available: "opqr"
	Expectation: ackno 895297
	Expectation: 1824 assembled bytes, in total
	Action:      segment arrives Header(flags=,seqno=895297,ack=0,win=0) with data "pqrstu"
	Expectation: bytes available: "pqrstu"
	Expectation: ackno 895303
	Expectation: 1830 assembled bytes, in total
	Action:      segment arrives Header(flags=,seqno=895303,ack=0,win=0) with data "qrstuvwxyz"
	Expectation: bytes available: "qrstuvwxyz"
	Expectation: ackno 895313
	Expectation: 1840 assembled bytes, in total
	Action:      segment arrives Header(flags=,seqno=895313,ack=0,win=0) with data "rst"
	Expectation: bytes available: "rst"
	Expectation: ackno 895316
	Expectation: 1843 assembled bytes, in total
	Action:      segment arrives Header(flags=,seqno=895316,ack=0,win=0) with data "stuvwxyza"
	Expectation: bytes available: "stuvwxyza"
	Expectation: ackno 895325
	Expectation: 1852 assembled bytes, in total
	Action:      segment arrives Header(flags=,seqno=895325,ack=0,win=0) with data "tu"
	Expectation: bytes available: "tu"
	Expectation: ackno 895327
	Expectation: 1854 assembled bytes, in total
	Action:      segment arrives Header(flags=,seqno=895327,ack=0,win=0) with data "uvwxyza"
	Expectation: bytes available: "uvwxyza"
	Expectation: ackno 895334
	Expectation: 1861 assembled bytes, in total
	Action:      segment arrives Header(flags=,seqno=895334,ack=0,win=0) with data "vw"
	Expectation: bytes available: "vw"
	Expectation: ackno 895336
	Expectation: 1863 assembled bytes, in total
	Action:      segment arrives Header(flags=,seqno=895336,ack=0,win=0) with data "wxyzabc"
	Expectation: bytes available: "wxyzabc"
	Expectation: ackno 895343
	Expectation: 1870 assembled bytes, in total
	Action:      segment arrives Header(flags=,seqno=895343,ack=0,win=0) with data "xyzabcdefg"
	Expectation: bytes available: "xyzabcdefg"
	Expectation: ackno 895353
	Expectation: 1880 assembled bytes, in total
	Action:      segment arrives Header(flags=,seqno=895353,ack=0,win=0) with data "yzab"
	Expectation: bytes available: "yzab"
	Expectation: ackno 895357
	Expectation: 1884 assembled bytes, in total
	Action:      segment arrives Header(flags=,seqno=895357,ack=0,win=0) with data "zabcdefghi"
	Expectation: bytes available: "zabcdefghi"
	Expectation: ackno 895367
	Expectation: 1894 assembled bytes, in total
	Action:      segment arrives Header(flags=,seqno=895367,ack=0,win=0) with data "abcdef"
	Expectation: bytes available: "abcdef"
	Expectation: ackno 895373
	Expectation: 1900 assembled bytes, in total
	Action:      segment arrives Header(flags=,seqno=895373,ack=0,win=0) with data "bc"
	Expectation: bytes available: "bc"
	Expectation: ackno 895375
	Expectation: 1902 assembled bytes, in total
	Action:      segment arrives Header(flags=,seqno=895375,ack=0,win=0) with data "cdefghijk"
	Expectation: bytes available: "cdefghijk"
	Expectation: ackno 895384
	Expectation: 1911 assembled bytes, in total
	Action:      segment arrives Header(flags=,seqno=895384,ack=0,win=0) with data "defghijkl"
	Expectation: bytes available: "defghijkl"
	Expectation: ackno 895393
	Expectation: 1920 assembled bytes, in total
	Action:      segment arrives Header(flags=,seqno=895393,ack=0,win=0) with data "efghijk"
	Expectation: bytes available: "efghijk"
	Expectation: ackno 895400
	Expectation: 1927 assembled bytes, in total
	Action:      segment arrives Header(flags=,seqno=895400,ack=0,win=0) with data "fghi"
	Expectation: bytes available: "fghi"
	Expectation: ackno 895404
	Expectation: 1931 assembled bytes, in total
	Action:      segment arrives Header(flags=,seqno=895404,ack=0,win=0) with data "ghijklmn"
	Expectation: bytes available: "ghijklmn"
	Expectation: ackno 895412
	Expectation: 1939 assembled bytes, in total
	Action:      segment arrives Header(flags=,seqno=895412,ack=0,win=0) with data "hij"
	Expectation: bytes available: "hij"
	Expectation: ackno 895415
	Expectation: 1942 assembled bytes, in total
	Action:      segment arrives Header(flags=,seqno=895415,ack=0,win=0) with data "ijklmn"
	Expectation: bytes available: "ijklmn"
	Expectation: ackno 895421
	Expectation: 1948 assembled bytes, in total
	Action:      segment arrives Header(flags=,seqno=895421,ack=0,win=0) with data "jklmnop"
	Expectation: bytes available: "jklmnop"
	Expectation: ackno 895428
	Expectation: 1955 assembled bytes, in total
	Action:      segment arrives Header(flags=,seqno=895428,ack=0,win=0) with data "klmnopqrst"
	Expectation: bytes available: "klmnopqrst"
	Expectation: ackno 895438
	Expectation: 1965 assembled bytes, in total
	Action:      segment arrives Header(flags=,seqno=895438,ack=0,win=0) with data "lmnopqrst"
	Expectation: bytes available: "lmnopqrst"
	Expectation: ackno 895447
	Expectation: 1974 assembled bytes, in total
	Action:      segment arrives Header(flags=,seqno=895447,ack=0,win=0) with data "mnopqrstuv"
	Expectation: bytes available: "mnopqrstuv"
	Expectation: ackno 895457
	Expectation: 1984 assembled bytes, in total
	Action:      segment arrives Header(flags=,seqno=895457,ack=0,win=0) with data "n"
	Expectation: bytes available: "n"
	Expectation: ackno 895458
	Expectation: 1985 assembled bytes, in total
	Action:      segment arrives Header(flags=,seqno=895458,ack=0,win=0) with data "opqrstuv"
	Expectation: bytes available: "opqrstuv"
	Expectation: ackno 895466
	Expectation: 1993 assembled bytes, in total
	Action:      segment arrives Header(flags=,seqno=895466,ack=0,win=0) with data "p"
	Expectation: bytes available: "p"
	Expectation: ackno 895467
	Expectation: 1994 assembled bytes, in total
	Action:      segment arrives Header(flags=,seqno=895467,ack=0,win=0) with data "qrs"
	Expectation: bytes available: "qrs"
	Expectation: ackno 895470
	Expectation: 1997 assembled bytes, in total
	Action:      segment arrives Header(flags=,seqno=895470,ack=0,win=0) with data "rs"
	Expectation: bytes available: "rs"
	Expectation: ackno 895472
	Expectation: 1999 assembled bytes, in total
	Action:      segment arrives Header(flags=,seqno=895472,ack=0,win=0) with data "stuvwx"
	Expectation: bytes available: "stuvwx"
	Expectation: ackno 895478
	Expectation: 2005 assembled bytes, in total
	Action:      segment arrives Header(flags=,seqno=895478,ack=0,win=0) with data "tuv"
	Expectation: bytes available: "tuv"
	Expectation: ackno 895481
	Expectation: 2008 assembled bytes, in total
	Action:      segment arrives Header(flags=,seqno=895481,ack=0,win=0) with data "uvwx"
	Expectation: bytes available: "uvwx"
	Expectation: ackno 895485
	Expectation: 2012 assembled bytes, in total
	Action:      segment arrives Header(flags=,seqno=895485,ack=0,win=0) with data "vwxy"
	Expectation: bytes available: "vwxy"
	Expectation: ackno 895489
	Expectation: 2016 assembled bytes, in total
	Action:      segment arrives Header(flags=,seqno=895489,ack=0,win=0) with data "wxyzabcd"
	Expectation: bytes available: "wxyzabcd"
	Expectation: ackno 895497
	Expectation: 2024 assembled bytes, in total
	Action:      segment arrives Header(flags=,seqno=895497,ack=0,win=0) with data "xyza"
	Expectation: bytes available: "xyza"
	Expectation: ackno 895501
	Expectation: 2028 assembled bytes, in total
	Action:      segment arrives Header(flags=,seqno=895501,ack=0,win=0) with data "yzabcdefg"
	Expectation: bytes available: "yzabcdefg"
	Expectation: ackno 895510
	Expectation: 2037 assembled bytes, in total
	Action:      segment arrives Header(flags=,seqno=895510,ack=0,win=0) with data "zabcdefg"
	Expectation: bytes available: "zabcdefg"
	Expectation: ackno 895518
	Expectation: 2045 assembled bytes, in total
	Action:      segment arrives Header(flags=,seqno=895518,ack=0,win=0) with data "abcdefgh"
	Expectation: bytes available: "abcdefgh"
	Expectation: ackno 895526
	Expectation: 2053 assembled bytes, in total
	Action:      segment arrives Header(flags=,seqno=895526,ack=0,win=0) with data "bcde"
	Expectation: bytes available: "bcde"
	Expectation: ackno 895530
	Expectation: 2057 assembled bytes, in total
	Action:      segment arrives Header(flags=,seqno=895530,ack=0,win=0) with data "cdefgh"
	Expectation: bytes available: "cdefgh"
	Expectation: ackno 895536
	Expectation: 2063 assembled bytes, in total
	Action:      segment arrives Header(flags=,seqno=895536,ack=0,win=0) with data "defghijkl"
	Expectation: bytes available: "defghijkl"
	Expectation: ackno 895545
	Expectation: 2072 assembled bytes, in total
	Action:      segment arrives Header(flags=,seqno=895545,ack=0,win=0) with data "ef"
	Expectation: bytes available: "ef"
	Expectation: ackno 895547
	Expectation: 2074 assembled bytes, in total
	Action:      segment arrives Header(flags=,seqno=895547,ack=0,win=0) with data "fg"
	Expectation: bytes available: "fg"
	Expectation: ackno 895549
	Expectation: 2076 assembled bytes, in total
	Action:      segment arrives Header(flags=,seqno=895549,ack=0,win=0) with data "ghijkl"
	Expectation: bytes available: "ghijkl"
	Expectation: ackno 895555
	Expectation: 2082 assembled bytes, in total
	Action:      segment arrives Header(flags=,seqno=895555,ack=0,win=0) with data "hijk"
	Expectation: bytes available: "hijk"
	Expectation: ackno 895559
	Expectation: 2086 assembled bytes, in total
	Action:      segment arrives Header(flags=,seqno=895559,ack=0,win=0) with data "ijklmnopqr"
	Expectation: bytes available: "ijklmnopqr"
	Expectation: ackno 895569
	Expectation: 2096 assembled bytes, in total
	Action:      segment arrives Header(flags=,seqno=895569,ack=0,win=0) with data "jklmnopqrs"
	Expectation: bytes available: "jklmnopqrs"
	Expectation: ackno 895579
	Expectation: 2106 assembled bytes, in total
	Action:      segment arrives Header(flags=,seqno=895579,ack=0,win=0) with data "klmnopqrst"
	Expectation: bytes available: "klmnopqrst"
	Expectation: ackno 895589
	Expectation: 2116 assembled bytes, in total
	Action:      segment arrives Header(flags=,seqno=895589,ack=0,win=0) with data "lmn"
	Expectation: bytes available: "lmn"
	Expectation: ackno 895592
	Expectation: 2119 assembled bytes, in total
	Action:      segment arrives Header(flags=,seqno=895592,ack=0,win=0) with data "mn"
	Expectation: bytes available: "mn"
	Expectation: ackno 895594
	Expectation: 2121 assembled bytes, in total
	Action:      segment arrives Header(flags=,seqno=895594,ack=0,win=0) with data "nopqrstu"
	Expectation: bytes available: "nopqrstu"
	Expectation: ackno 895602
	Expectation: 2129 assembled bytes, in total
	Action:      segment arrives Header(flags=,seqno=895602,ack=0,win=0) with data "opq"
	Expectation: bytes available: "opq"
	Expectation: ackno 895605
	Expectation: 2132 assembled bytes, in total
	Action:      segment arrives Header(flags=,seqno=895605,ack=0,win=0) with data "pqrstu"
	Expectation: bytes available: "pqrstu"
	Expectation: ackno 895611
	Expectation: 2138 assembled bytes, in total
	Action:      segment arrives Header(flags=,seqno=895611,ack=0,win=0) with data "qr"
	Expectation: bytes available: "qr"
	Expectation: ackno 895613
	Expectation: 2140 assembled bytes, in total
	Action:      segment arrives Header(flags=,seqno=895613,ack=0,win=0) with data "rstu"
	Expectation: bytes available: "rstu"
	Expectation: ackno 895617
[...]
	Action:      segment arrives Header(flags=,seqno=901258,ack=0,win=0) with data "t"
	Expectation: bytes available: "t"
	Expectation: ackno 901259
	Expectation: 7786 assembled bytes, in total
	Action:      segment arrives Header(flags=,seqno=901259,ack=0,win=0) with data "uvwxyza"
	Expectation: bytes available: "uvwxyza"
	Expectation: ackno 901266
	Expectation: 7793 assembled bytes, in total
	Action:      segment arrives Header(flags=,seqno=901266,ack=0,win=0) with data "v"
	Expectation: bytes available: "v"
	Expectation: ackno 901267
	Expectation: 7794 assembled bytes, in total
	Action:      segment arrives Header(flags=,seqno=901267,ack=0,win=0) with data "wxyz"
	Expectation: bytes available: "wxyz"
	Expectation: ackno 901271
	Expectation: 7798 assembled bytes, in total
	Action:      segment arrives Header(flags=,seqno=901271,ack=0,win=0) with data "xyzab"
	Expectation: bytes available: "xyzab"
	Expectation: ackno 901276
	Expectation: 7803 assembled bytes, in total
	Action:      segment arrives Header(flags=,seqno=901276,ack=0,win=0) with data "yzab"
	Expectation: bytes available: "yzab"
	Expectation: ackno 901280
	Expectation: 7807 assembled bytes, in total
	Action:      segment arrives Header(flags=,seqno=901280,ack=0,win=0) with data "zabcdef"
	Expectation: bytes available: "zabcdef"
	Expectation: ackno 901287
	Expectation: 7814 assembled bytes, in total
	Action:      segment arrives Header(flags=,seqno=901287,ack=0,win=0) with data "abcd"
	Expectation: bytes available: "abcd"
	Expectation: ackno 901291
	Expectation: 7818 assembled bytes, in total
	Action:      segment arrives Header(flags=,seqno=901291,ack=0,win=0) with data "bcdefghijk"
	Expectation: bytes available: "bcdefghijk"
	Expectation: ackno 901301
	Expectation: 7828 assembled bytes, in total
	Action:      segment arrives Header(flags=,seqno=901301,ack=0,win=0) with data "cde"
	Expectation: bytes available: "cde"
	Expectation: ackno 901304
	Expectation: 7831 assembled bytes, in total
	Action:      segment arrives Header(flags=,seqno=901304,ack=0,win=0) with data "de"
	Expectation: bytes available: "de"
	Expectation: ackno 901306
	Expectation: 7833 assembled bytes, in total
	Action:      segment arrives Header(flags=,seqno=901306,ack=0,win=0) with data "efghi"
	Expectation: bytes available: "efghi"
	Expectation: ackno 901311
	Expectation: 7838 assembled bytes, in total
	Action:      segment arrives Header(flags=,seqno=901311,ack=0,win=0) with data "fgh"
	Expectation: bytes available: "fgh"
	Expectation: ackno 901314
	Expectation: 7841 assembled bytes, in total
	Action:      segment arrives Header(flags=,seqno=901314,ack=0,win=0) with data "ghij"
	Expectation: bytes available: "ghij"
	Expectation: ackno 901318
	Expectation: 7845 assembled bytes, in total
	Action:      segment arrives Header(flags=,seqno=901318,ack=0,win=0) with data "h"
	Expectation: bytes available: "h"
	Expectation: ackno 901319
	Expectation: 7846 assembled bytes, in total
	Action:      segment arrives Header(flags=,seqno=901319,ack=0,win=0) with data "ijklmnopqr"
	Expectation: bytes available: "ijklmnopqr"
	Expectation: ackno 901329
	Expectation: 7856 assembled bytes, in total
	Action:      segment arrives Header(flags=,seqno=901329,ack=0,win=0) with data "jklmnopq"
	Expectation: bytes available: "jklmnopq"
	Expectation: ackno 901337
	Expectation: 7864 assembled bytes, in total
	Action:      segment arrives Header(flags=,seqno=901337,ack=0,win=0) with data "klmnopqrs"
	Expectation: bytes available: "klmnopqrs"
	Expectation: ackno 901346
	Expectation: 7873 assembled bytes, in total
	Action:      segment arrives Header(flags=,seqno=901346,ack=0,win=0) with data "lmno"
	Expectation: bytes available: "lmno"
	Expectation: ackno 901350
	Expectation: 7877 assembled bytes, in total
	Action:      segment arrives Header(flags=,seqno=901350,ack=0,win=0) with data "mn"
	Expectation: bytes available: "mn"
	Expectation: ackno 901352
	Expectation: 7879 assembled bytes, in total
	Action:      segment arrives Header(flags=,seqno=901352,ack=0,win=0) with data "nopqrstu"
	Expectation: bytes available: "nopqrstu"
	Expectation: ackno 901360
	Expectation: 7887 assembled bytes, in total
	Action:      segment arrives Header(flags=,seqno=901360,ack=0,win=0) with data "opqrst"
	Expectation: bytes available: "opqrst"
	Expectation: ackno 901366
	Expectation: 7893 assembled bytes, in total
	Action:      segment arrives Header(flags=,seqno=901366,ack=0,win=0) with data "pqrstuvw"
	Expectation: bytes available: "pqrstuvw"
	Expectation: ackno 901374
	Expectation: 7901 assembled bytes, in total
	Action:      segment arrives Header(flags=,seqno=901374,ack=0,win=0) with data "qrstuv"
	Expectation: bytes available: "qrstuv"
	Expectation: ackno 901380
	Expectation: 7907 assembled bytes, in total
	Action:      segment arrives Header(flags=,seqno=901380,ack=0,win=0) with data "rstu"
	Expectation: bytes available: "rstu"
	Expectation: ackno 901384
	Expectation: 7911 assembled bytes, in total
	Action:      segment arrives Header(flags=,seqno=901384,ack=0,win=0) with data "st"
	Expectation: bytes available: "st"
	Expectation: ackno 901386
	Expectation: 7913 assembled bytes, in total
	Action:      segment arrives Header(flags=,seqno=901386,ack=0,win=0) with data "t"
	Expectation: bytes available: "t"
	Expectation: ackno 901387
	Expectation: 7914 assembled bytes, in total
	Action:      segment arrives Header(flags=,seqno=901387,ack=0,win=0) with data "uv"
	Expectation: bytes available: "uv"
	Expectation: ackno 901389
	Expectation: 7916 assembled bytes, in total
	Action:      segment arrives Header(flags=,seqno=901389,ack=0,win=0) with data "vwxyzabcde"
	Expectation: bytes available: "vwxyzabcde"
	Expectation: ackno 901399
	Expectation: 7926 assembled bytes, in total
	Action:      segment arrives Header(flags=,seqno=901399,ack=0,win=0) with data "wxy"
	Expectation: bytes available: "wxy"
	Expectation: ackno 901402
	Expectation: 7929 assembled bytes, in total
	Action:      segment arrives Header(flags=,seqno=901402,ack=0,win=0) with data "xyzabcd"
	Expectation: bytes available: "xyzabcd"
	Expectation: ackno 901409
	Expectation: 7936 assembled bytes, in total
	Action:      segment arrives Header(flags=,seqno=901409,ack=0,win=0) with data "yzabc"
	Expectation: bytes available: "yzabc"
	Expectation: ackno 901414
	Expectation: 7941 assembled bytes, in total
	Action:      segment arrives Header(flags=,seqno=901414,ack=0,win=0) with data "zabcdefghi"
	Expectation: bytes available: "zabcdefghi"
	Expectation: ackno 901424
	Expectation: 7951 assembled bytes, in total
	Action:      segment arrives Header(flags=,seqno=901424,ack=0,win=0) with data "abcdefgh"
	Expectation: bytes available: "abcdefgh"
	Expectation: ackno 901432
	Expectation: 7959 assembled bytes, in total
	Action:      segment arrives Header(flags=,seqno=901432,ack=0,win=0) with data "bcdefgh"
	Expectation: bytes available: "bcdefgh"
	Expectation: ackno 901439
	Expectation: 7966 assembled bytes, in total
	Action:      segment arrives Header(flags=,seqno=901439,ack=0,win=0) with data "cdefghijkl"
	Expectation: bytes available: "cdefghijkl"
	Expectation: ackno 901449
	Expectation: 7976 assembled bytes, in total
	Action:      segment arrives Header(flags=,seqno=901449,ack=0,win=0) with data "defghijkl"
	Expectation: bytes available: "defghijkl"
	Expectation: ackno 901458
	Expectation: 7985 assembled bytes, in total
	Action:      segment arrives Header(flags=,seqno=901458,ack=0,win=0) with data "efghijklmn"
	Expectation: bytes available: "efghijklmn"
	Expectation: ackno 901468
	Expectation: 7995 assembled bytes, in total
	Action:      segment arrives Header(flags=,seqno=901468,ack=0,win=0) with data "fghi"
	Expectation: bytes available: "fghi"
	Expectation: ackno 901472
	Expectation: 7999 assembled bytes, in total
	Action:      segment arrives Header(flags=,seqno=901472,ack=0,win=0) with data "ghijklm"

the TCPReceiver assembled "
<end of output>
Test time =   0.03 sec
----------------------------------------------------------
Test Failed.
"t_recv_transmit" end time: Nov 18 06:31 PST
"t_recv_transmit" time elapsed: 00:00:00
----------------------------------------------------------

7/169 Testing: t_recv_window
7/169 Test: t_recv_window
Command: "/home/fpl/SSH/Project_CS144/lab1/sponge/build/tests/recv_window"
Directory: /home/fpl/SSH/Project_CS144/lab1/sponge/build
"t_recv_window" start time: Nov 18 06:31 PST
Output:
----------------------------------------------------------
<end of output>
Test time =   0.01 sec
----------------------------------------------------------
Test Passed.
"t_recv_window" end time: Nov 18 06:31 PST
"t_recv_window" time elapsed: 00:00:00
----------------------------------------------------------

8/169 Testing: t_recv_reorder
8/169 Test: t_recv_reorder
Command: "/home/fpl/SSH/Project_CS144/lab1/sponge/build/tests/recv_reorder"
Directory: /home/fpl/SSH/Project_CS144/lab1/sponge/build
"t_recv_reorder" start time: Nov 18 06:31 PST
Output:
----------------------------------------------------------
<end of output>
Test time =   0.00 sec
----------------------------------------------------------
Test Passed.
"t_recv_reorder" end time: Nov 18 06:31 PST
"t_recv_reorder" time elapsed: 00:00:00
----------------------------------------------------------

9/169 Testing: t_recv_close
9/169 Test: t_recv_close
Command: "/home/fpl/SSH/Project_CS144/lab1/sponge/build/tests/recv_close"
Directory: /home/fpl/SSH/Project_CS144/lab1/sponge/build
"t_recv_close" start time: Nov 18 06:31 PST
Output:
----------------------------------------------------------
<end of output>
Test time =   0.01 sec
----------------------------------------------------------
Test Passed.
"t_recv_close" end time: Nov 18 06:31 PST
"t_recv_close" time elapsed: 00:00:00
----------------------------------------------------------

10/169 Testing: t_recv_special
10/169 Test: t_recv_special
Command: "/home/fpl/SSH/Project_CS144/lab1/sponge/build/tests/recv_special"
Directory: /home/fpl/SSH/Project_CS144/lab1/sponge/build
"t_recv_special" start time: Nov 18 06:31 PST
Output:
----------------------------------------------------------
<end of output>
Test time =   0.01 sec
----------------------------------------------------------
Test Passed.
"t_recv_special" end time: Nov 18 06:31 PST
"t_recv_special" time elapsed: 00:00:00
----------------------------------------------------------

18/169 Testing: t_strm_reassem_single
18/169 Test: t_strm_reassem_single
Command: "/home/fpl/SSH/Project_CS144/lab1/sponge/build/tests/fsm_stream_reassembler_single"
Directory: /home/fpl/SSH/Project_CS144/lab1/sponge/build
"t_strm_reassem_single" start time: Nov 18 06:31 PST
Output:
----------------------------------------------------------
<end of output>
Test time =   0.00 sec
----------------------------------------------------------
Test Passed.
"t_strm_reassem_single" end time: Nov 18 06:31 PST
"t_strm_reassem_single" time elapsed: 00:00:00
----------------------------------------------------------

19/169 Testing: t_strm_reassem_seq
19/169 Test: t_strm_reassem_seq
Command: "/home/fpl/SSH/Project_CS144/lab1/sponge/build/tests/fsm_stream_reassembler_seq"
Directory: /home/fpl/SSH/Project_CS144/lab1/sponge/build
"t_strm_reassem_seq" start time: Nov 18 06:31 PST
Output:
----------------------------------------------------------
<end of output>
Test time =   0.00 sec
----------------------------------------------------------
Test Passed.
"t_strm_reassem_seq" end time: Nov 18 06:31 PST
"t_strm_reassem_seq" time elapsed: 00:00:00
----------------------------------------------------------

20/169 Testing: t_strm_reassem_dup
20/169 Test: t_strm_reassem_dup
Command: "/home/fpl/SSH/Project_CS144/lab1/sponge/build/tests/fsm_stream_reassembler_dup"
Directory: /home/fpl/SSH/Project_CS144/lab1/sponge/build
"t_strm_reassem_dup" start time: Nov 18 06:31 PST
Output:
----------------------------------------------------------
<end of output>
Test time =   0.01 sec
----------------------------------------------------------
Test Passed.
"t_strm_reassem_dup" end time: Nov 18 06:31 PST
"t_strm_reassem_dup" time elapsed: 00:00:00
----------------------------------------------------------

21/169 Testing: t_strm_reassem_holes
21/169 Test: t_strm_reassem_holes
Command: "/home/fpl/SSH/Project_CS144/lab1/sponge/build/tests/fsm_stream_reassembler_holes"
Directory: /home/fpl/SSH/Project_CS144/lab1/sponge/build
"t_strm_reassem_holes" start time: Nov 18 06:31 PST
Output:
----------------------------------------------------------
<end of output>
Test time =   0.00 sec
----------------------------------------------------------
Test Passed.
"t_strm_reassem_holes" end time: Nov 18 06:31 PST
"t_strm_reassem_holes" time elapsed: 00:00:00
----------------------------------------------------------

22/169 Testing: t_strm_reassem_many
22/169 Test: t_strm_reassem_many
Command: "/home/fpl/SSH/Project_CS144/lab1/sponge/build/tests/fsm_stream_reassembler_many"
Directory: /home/fpl/SSH/Project_CS144/lab1/sponge/build
"t_strm_reassem_many" start time: Nov 18 06:31 PST
Output:
----------------------------------------------------------
<end of output>
Test time =   0.23 sec
----------------------------------------------------------
Test Passed.
"t_strm_reassem_many" end time: Nov 18 06:31 PST
"t_strm_reassem_many" time elapsed: 00:00:00
----------------------------------------------------------

23/169 Testing: t_strm_reassem_overlapping
23/169 Test: t_strm_reassem_overlapping
Command: "/home/fpl/SSH/Project_CS144/lab1/sponge/build/tests/fsm_stream_reassembler_overlapping"
Directory: /home/fpl/SSH/Project_CS144/lab1/sponge/build
"t_strm_reassem_overlapping" start time: Nov 18 06:31 PST
Output:
----------------------------------------------------------
<end of output>
Test time =   0.00 sec
----------------------------------------------------------
Test Passed.
"t_strm_reassem_overlapping" end time: Nov 18 06:31 PST
"t_strm_reassem_overlapping" time elapsed: 00:00:00
----------------------------------------------------------

24/169 Testing: t_strm_reassem_win
24/169 Test: t_strm_reassem_win
Command: "/home/fpl/SSH/Project_CS144/lab1/sponge/build/tests/fsm_stream_reassembler_win"
Directory: /home/fpl/SSH/Project_CS144/lab1/sponge/build
"t_strm_reassem_win" start time: Nov 18 06:31 PST
Output:
----------------------------------------------------------
<end of output>
Test time =   0.24 sec
----------------------------------------------------------
Test Passed.
"t_strm_reassem_win" end time: Nov 18 06:31 PST
"t_strm_reassem_win" time elapsed: 00:00:00
----------------------------------------------------------

25/169 Testing: t_strm_reassem_cap
25/169 Test: t_strm_reassem_cap
Command: "/home/fpl/SSH/Project_CS144/lab1/sponge/build/tests/fsm_stream_reassembler_cap"
Directory: /home/fpl/SSH/Project_CS144/lab1/sponge/build
"t_strm_reassem_cap" start time: Nov 18 06:31 PST
Output:
----------------------------------------------------------
<end of output>
Test time =   0.08 sec
----------------------------------------------------------
Test Passed.
"t_strm_reassem_cap" end time: Nov 18 06:31 PST
"t_strm_reassem_cap" time elapsed: 00:00:00
----------------------------------------------------------

26/169 Testing: t_byte_stream_construction
26/169 Test: t_byte_stream_construction
Command: "/home/fpl/SSH/Project_CS144/lab1/sponge/build/tests/byte_stream_construction"
Directory: /home/fpl/SSH/Project_CS144/lab1/sponge/build
"t_byte_stream_construction" start time: Nov 18 06:31 PST
Output:
----------------------------------------------------------
<end of output>
Test time =   0.00 sec
----------------------------------------------------------
Test Passed.
"t_byte_stream_construction" end time: Nov 18 06:31 PST
"t_byte_stream_construction" time elapsed: 00:00:00
----------------------------------------------------------

27/169 Testing: t_byte_stream_one_write
27/169 Test: t_byte_stream_one_write
Command: "/home/fpl/SSH/Project_CS144/lab1/sponge/build/tests/byte_stream_one_write"
Directory: /home/fpl/SSH/Project_CS144/lab1/sponge/build
"t_byte_stream_one_write" start time: Nov 18 06:31 PST
Output:
----------------------------------------------------------
<end of output>
Test time =   0.01 sec
----------------------------------------------------------
Test Passed.
"t_byte_stream_one_write" end time: Nov 18 06:31 PST
"t_byte_stream_one_write" time elapsed: 00:00:00
----------------------------------------------------------

28/169 Testing: t_byte_stream_two_writes
28/169 Test: t_byte_stream_two_writes
Command: "/home/fpl/SSH/Project_CS144/lab1/sponge/build/tests/byte_stream_two_writes"
Directory: /home/fpl/SSH/Project_CS144/lab1/sponge/build
"t_byte_stream_two_writes" start time: Nov 18 06:31 PST
Output:
----------------------------------------------------------
<end of output>
Test time =   0.00 sec
----------------------------------------------------------
Test Passed.
"t_byte_stream_two_writes" end time: Nov 18 06:31 PST
"t_byte_stream_two_writes" time elapsed: 00:00:00
----------------------------------------------------------

29/169 Testing: t_byte_stream_capacity
29/169 Test: t_byte_stream_capacity
Command: "/home/fpl/SSH/Project_CS144/lab1/sponge/build/tests/byte_stream_capacity"
Directory: /home/fpl/SSH/Project_CS144/lab1/sponge/build
"t_byte_stream_capacity" start time: Nov 18 06:31 PST
Output:
----------------------------------------------------------
<end of output>
Test time =   0.34 sec
----------------------------------------------------------
Test Passed.
"t_byte_stream_capacity" end time: Nov 18 06:31 PST
"t_byte_stream_capacity" time elapsed: 00:00:00
----------------------------------------------------------

30/169 Testing: t_byte_stream_many_writes
30/169 Test: t_byte_stream_many_writes
Command: "/home/fpl/SSH/Project_CS144/lab1/sponge/build/tests/byte_stream_many_writes"
Directory: /home/fpl/SSH/Project_CS144/lab1/sponge/build
"t_byte_stream_many_writes" start time: Nov 18 06:31 PST
Output:
----------------------------------------------------------
<end of output>
Test time =   0.01 sec
----------------------------------------------------------
Test Passed.
"t_byte_stream_many_writes" end time: Nov 18 06:31 PST
"t_byte_stream_many_writes" time elapsed: 00:00:00
----------------------------------------------------------

53/169 Testing: t_address_dt
53/169 Test: t_address_dt
Command: "/home/fpl/SSH/Project_CS144/lab1/sponge/build/doctests/address_dt"
Directory: /home/fpl/SSH/Project_CS144/lab1/sponge/build
"t_address_dt" start time: Nov 18 06:31 PST
Output:
----------------------------------------------------------
<end of output>
Test time =   0.04 sec
----------------------------------------------------------
Test Passed.
"t_address_dt" end time: Nov 18 06:31 PST
"t_address_dt" time elapsed: 00:00:00
----------------------------------------------------------

54/169 Testing: t_parser_dt
54/169 Test: t_parser_dt
Command: "/home/fpl/SSH/Project_CS144/lab1/sponge/build/doctests/parser_dt"
Directory: /home/fpl/SSH/Project_CS144/lab1/sponge/build
"t_parser_dt" start time: Nov 18 06:31 PST
Output:
----------------------------------------------------------
<end of output>
Test time =   0.00 sec
----------------------------------------------------------
Test Passed.
"t_parser_dt" end time: Nov 18 06:31 PST
"t_parser_dt" time elapsed: 00:00:00
----------------------------------------------------------

55/169 Testing: t_socket_dt
55/169 Test: t_socket_dt
Command: "/home/fpl/SSH/Project_CS144/lab1/sponge/build/doctests/socket_dt"
Directory: /home/fpl/SSH/Project_CS144/lab1/sponge/build
"t_socket_dt" start time: Nov 18 06:31 PST
Output:
----------------------------------------------------------
<end of output>
Test time =   0.01 sec
----------------------------------------------------------
Test Passed.
"t_socket_dt" end time: Nov 18 06:31 PST
"t_socket_dt" time elapsed: 00:00:00
----------------------------------------------------------

End testing: Nov 18 06:31 PST
