Start testing: Nov 18 23:07 PST
----------------------------------------------------------
1/169 Testing: t_wrapping_ints_cmp
1/169 Test: t_wrapping_ints_cmp
Command: "/home/fpl/SSH/Project_CS144/lab1/sponge/build/tests/wrapping_integers_cmp"
Directory: /home/fpl/SSH/Project_CS144/lab1/sponge/build
"t_wrapping_ints_cmp" start time: Nov 18 23:07 PST
Output:
----------------------------------------------------------
<end of output>
Test time =   0.00 sec
----------------------------------------------------------
Test Passed.
"t_wrapping_ints_cmp" end time: Nov 18 23:07 PST
"t_wrapping_ints_cmp" time elapsed: 00:00:00
----------------------------------------------------------

2/169 Testing: t_wrapping_ints_unwrap
2/169 Test: t_wrapping_ints_unwrap
Command: "/home/fpl/SSH/Project_CS144/lab1/sponge/build/tests/wrapping_integers_unwrap"
Directory: /home/fpl/SSH/Project_CS144/lab1/sponge/build
"t_wrapping_ints_unwrap" start time: Nov 18 23:07 PST
Output:
----------------------------------------------------------
<end of output>
Test time =   0.00 sec
----------------------------------------------------------
Test Passed.
"t_wrapping_ints_unwrap" end time: Nov 18 23:07 PST
"t_wrapping_ints_unwrap" time elapsed: 00:00:00
----------------------------------------------------------

3/169 Testing: t_wrapping_ints_wrap
3/169 Test: t_wrapping_ints_wrap
Command: "/home/fpl/SSH/Project_CS144/lab1/sponge/build/tests/wrapping_integers_wrap"
Directory: /home/fpl/SSH/Project_CS144/lab1/sponge/build
"t_wrapping_ints_wrap" start time: Nov 18 23:07 PST
Output:
----------------------------------------------------------
<end of output>
Test time =   0.01 sec
----------------------------------------------------------
Test Passed.
"t_wrapping_ints_wrap" end time: Nov 18 23:07 PST
"t_wrapping_ints_wrap" time elapsed: 00:00:00
----------------------------------------------------------

4/169 Testing: t_wrapping_ints_roundtrip
4/169 Test: t_wrapping_ints_roundtrip
Command: "/home/fpl/SSH/Project_CS144/lab1/sponge/build/tests/wrapping_integers_roundtrip"
Directory: /home/fpl/SSH/Project_CS144/lab1/sponge/build
"t_wrapping_ints_roundtrip" start time: Nov 18 23:07 PST
Output:
----------------------------------------------------------
<end of output>
Test time =   0.11 sec
----------------------------------------------------------
Test Passed.
"t_wrapping_ints_roundtrip" end time: Nov 18 23:07 PST
"t_wrapping_ints_roundtrip" time elapsed: 00:00:00
----------------------------------------------------------

End testing: Nov 18 23:07 PST
